{"/home/kenju/KHL-main/KHL-main/khl-ui/app/page.js": {"path":"/home/kenju/KHL-main/KHL-main/khl-ui/app/page.js","statementMap":{"0":{"start":{"line":387,"column":24},"end":{"line":387,"column":null}},"1":{"start":{"line":3,"column":49},"end":{"line":3,"column":null}},"2":{"start":{"line":7,"column":30},"end":{"line":7,"column":null}},"3":{"start":{"line":8,"column":26},"end":{"line":8,"column":null}},"4":{"start":{"line":10,"column":2},"end":{"line":34,"column":null}},"5":{"start":{"line":11,"column":18},"end":{"line":11,"column":null}},"6":{"start":{"line":12,"column":18},"end":{"line":30,"column":null}},"7":{"start":{"line":13,"column":6},"end":{"line":29,"column":null}},"8":{"start":{"line":14,"column":20},"end":{"line":14,"column":null}},"9":{"start":{"line":15,"column":8},"end":{"line":15,"column":null}},"10":{"start":{"line":15,"column":22},"end":{"line":15,"column":null}},"11":{"start":{"line":16,"column":8},"end":{"line":23,"column":null}},"12":{"start":{"line":17,"column":23},"end":{"line":17,"column":null}},"13":{"start":{"line":17,"column":52},"end":{"line":17,"column":null}},"14":{"start":{"line":18,"column":10},"end":{"line":18,"column":null}},"15":{"start":{"line":19,"column":10},"end":{"line":19,"column":null}},"16":{"start":{"line":21,"column":10},"end":{"line":21,"column":null}},"17":{"start":{"line":22,"column":10},"end":{"line":22,"column":null}},"18":{"start":{"line":25,"column":8},"end":{"line":28,"column":null}},"19":{"start":{"line":26,"column":10},"end":{"line":26,"column":null}},"20":{"start":{"line":27,"column":10},"end":{"line":27,"column":null}},"21":{"start":{"line":31,"column":4},"end":{"line":31,"column":null}},"22":{"start":{"line":32,"column":15},"end":{"line":32,"column":null}},"23":{"start":{"line":33,"column":4},"end":{"line":33,"column":null}},"24":{"start":{"line":33,"column":19},"end":{"line":33,"column":36}},"25":{"start":{"line":33,"column":36},"end":{"line":33,"column":55}},"26":{"start":{"line":36,"column":2},"end":{"line":36,"column":null}},"27":{"start":{"line":44,"column":8},"end":{"line":44,"column":24}},"28":{"start":{"line":44,"column":69},"end":{"line":44,"column":null}},"29":{"start":{"line":72,"column":10},"end":{"line":72,"column":23}},"30":{"start":{"line":84,"column":30},"end":{"line":84,"column":null}},"31":{"start":{"line":85,"column":34},"end":{"line":85,"column":null}},"32":{"start":{"line":86,"column":32},"end":{"line":86,"column":null}},"33":{"start":{"line":87,"column":42},"end":{"line":87,"column":null}},"34":{"start":{"line":89,"column":22},"end":{"line":99,"column":null}},"35":{"start":{"line":90,"column":4},"end":{"line":98,"column":null}},"36":{"start":{"line":91,"column":18},"end":{"line":91,"column":null}},"37":{"start":{"line":92,"column":6},"end":{"line":95,"column":null}},"38":{"start":{"line":93,"column":21},"end":{"line":93,"column":null}},"39":{"start":{"line":94,"column":8},"end":{"line":94,"column":null}},"40":{"start":{"line":101,"column":2},"end":{"line":103,"column":null}},"41":{"start":{"line":102,"column":4},"end":{"line":102,"column":null}},"42":{"start":{"line":102,"column":35},"end":{"line":102,"column":null}},"43":{"start":{"line":105,"column":21},"end":{"line":152,"column":null}},"44":{"start":{"line":106,"column":4},"end":{"line":106,"column":null}},"45":{"start":{"line":106,"column":37},"end":{"line":106,"column":null}},"46":{"start":{"line":107,"column":4},"end":{"line":107,"column":null}},"47":{"start":{"line":108,"column":4},"end":{"line":108,"column":null}},"48":{"start":{"line":109,"column":4},"end":{"line":109,"column":null}},"49":{"start":{"line":111,"column":4},"end":{"line":151,"column":null}},"50":{"start":{"line":112,"column":18},"end":{"line":116,"column":null}},"51":{"start":{"line":118,"column":6},"end":{"line":118,"column":null}},"52":{"start":{"line":118,"column":19},"end":{"line":118,"column":null}},"53":{"start":{"line":120,"column":21},"end":{"line":120,"column":null}},"54":{"start":{"line":121,"column":22},"end":{"line":121,"column":null}},"55":{"start":{"line":123,"column":6},"end":{"line":141,"column":null}},"56":{"start":{"line":124,"column":8},"end":{"line":140,"column":null}},"57":{"start":{"line":125,"column":34},"end":{"line":125,"column":null}},"58":{"start":{"line":126,"column":10},"end":{"line":126,"column":null}},"59":{"start":{"line":126,"column":20},"end":{"line":126,"column":null}},"60":{"start":{"line":127,"column":23},"end":{"line":127,"column":null}},"61":{"start":{"line":129,"column":24},"end":{"line":129,"column":null}},"62":{"start":{"line":130,"column":10},"end":{"line":139,"column":null}},"63":{"start":{"line":131,"column":12},"end":{"line":138,"column":null}},"64":{"start":{"line":132,"column":27},"end":{"line":132,"column":null}},"65":{"start":{"line":133,"column":14},"end":{"line":135,"column":null}},"66":{"start":{"line":134,"column":16},"end":{"line":134,"column":null}},"67":{"start":{"line":143,"column":6},"end":{"line":143,"column":null}},"68":{"start":{"line":144,"column":6},"end":{"line":144,"column":null}},"69":{"start":{"line":145,"column":6},"end":{"line":145,"column":null}},"70":{"start":{"line":147,"column":6},"end":{"line":147,"column":null}},"71":{"start":{"line":149,"column":6},"end":{"line":149,"column":null}},"72":{"start":{"line":150,"column":6},"end":{"line":150,"column":null}},"73":{"start":{"line":154,"column":23},"end":{"line":170,"column":null}},"74":{"start":{"line":155,"column":4},"end":{"line":169,"column":null}},"75":{"start":{"line":156,"column":18},"end":{"line":160,"column":null}},"76":{"start":{"line":161,"column":6},"end":{"line":166,"column":null}},"77":{"start":{"line":162,"column":8},"end":{"line":162,"column":null}},"78":{"start":{"line":163,"column":8},"end":{"line":163,"column":null}},"79":{"start":{"line":165,"column":8},"end":{"line":165,"column":null}},"80":{"start":{"line":168,"column":6},"end":{"line":168,"column":null}},"81":{"start":{"line":172,"column":21},"end":{"line":178,"column":null}},"82":{"start":{"line":173,"column":4},"end":{"line":173,"column":null}},"83":{"start":{"line":173,"column":16},"end":{"line":173,"column":null}},"84":{"start":{"line":174,"column":15},"end":{"line":174,"column":null}},"85":{"start":{"line":175,"column":4},"end":{"line":175,"column":null}},"86":{"start":{"line":175,"column":17},"end":{"line":175,"column":null}},"87":{"start":{"line":176,"column":15},"end":{"line":176,"column":null}},"88":{"start":{"line":177,"column":4},"end":{"line":177,"column":null}},"89":{"start":{"line":206,"column":14},"end":{"line":206,"column":31}},"90":{"start":{"line":220,"column":35},"end":{"line":220,"column":null}},"91":{"start":{"line":237,"column":29},"end":{"line":237,"column":null}},"92":{"start":{"line":238,"column":30},"end":{"line":238,"column":null}},"93":{"start":{"line":323,"column":26},"end":{"line":323,"column":null}},"94":{"start":{"line":325,"column":2},"end":{"line":343,"column":null}},"95":{"start":{"line":326,"column":18},"end":{"line":326,"column":null}},"96":{"start":{"line":327,"column":22},"end":{"line":337,"column":null}},"97":{"start":{"line":328,"column":6},"end":{"line":336,"column":null}},"98":{"start":{"line":329,"column":20},"end":{"line":329,"column":null}},"99":{"start":{"line":330,"column":8},"end":{"line":333,"column":null}},"100":{"start":{"line":331,"column":23},"end":{"line":331,"column":null}},"101":{"start":{"line":332,"column":10},"end":{"line":332,"column":null}},"102":{"start":{"line":332,"column":28},"end":{"line":332,"column":null}},"103":{"start":{"line":338,"column":4},"end":{"line":342,"column":null}},"104":{"start":{"line":339,"column":6},"end":{"line":339,"column":null}},"105":{"start":{"line":340,"column":17},"end":{"line":340,"column":null}},"106":{"start":{"line":341,"column":6},"end":{"line":341,"column":null}},"107":{"start":{"line":341,"column":21},"end":{"line":341,"column":38}},"108":{"start":{"line":341,"column":38},"end":{"line":341,"column":57}},"109":{"start":{"line":358,"column":13},"end":{"line":358,"column":36}},"110":{"start":{"line":388,"column":30},"end":{"line":388,"column":null}},"111":{"start":{"line":389,"column":40},"end":{"line":389,"column":null}},"112":{"start":{"line":390,"column":32},"end":{"line":390,"column":null}},"113":{"start":{"line":391,"column":34},"end":{"line":398,"column":null}},"114":{"start":{"line":401,"column":17},"end":{"line":401,"column":null}},"115":{"start":{"line":402,"column":15},"end":{"line":402,"column":null}},"116":{"start":{"line":403,"column":18},"end":{"line":403,"column":null}},"117":{"start":{"line":405,"column":2},"end":{"line":409,"column":null}},"118":{"start":{"line":406,"column":4},"end":{"line":408,"column":null}},"119":{"start":{"line":407,"column":6},"end":{"line":407,"column":null}},"120":{"start":{"line":407,"column":23},"end":{"line":407,"column":42}},"121":{"start":{"line":412,"column":2},"end":{"line":428,"column":null}},"122":{"start":{"line":413,"column":18},"end":{"line":413,"column":null}},"123":{"start":{"line":414,"column":21},"end":{"line":424,"column":null}},"124":{"start":{"line":415,"column":6},"end":{"line":423,"column":null}},"125":{"start":{"line":416,"column":20},"end":{"line":416,"column":null}},"126":{"start":{"line":417,"column":8},"end":{"line":420,"column":null}},"127":{"start":{"line":418,"column":23},"end":{"line":418,"column":null}},"128":{"start":{"line":419,"column":10},"end":{"line":419,"column":null}},"129":{"start":{"line":425,"column":4},"end":{"line":425,"column":null}},"130":{"start":{"line":426,"column":15},"end":{"line":426,"column":null}},"131":{"start":{"line":427,"column":4},"end":{"line":427,"column":null}},"132":{"start":{"line":427,"column":19},"end":{"line":427,"column":36}},"133":{"start":{"line":427,"column":36},"end":{"line":427,"column":55}},"134":{"start":{"line":431,"column":2},"end":{"line":436,"column":null}},"135":{"start":{"line":432,"column":17},"end":{"line":432,"column":null}},"136":{"start":{"line":432,"column":23},"end":{"line":432,"column":null}},"137":{"start":{"line":433,"column":4},"end":{"line":433,"column":null}},"138":{"start":{"line":434,"column":15},"end":{"line":434,"column":null}},"139":{"start":{"line":435,"column":4},"end":{"line":435,"column":null}},"140":{"start":{"line":435,"column":17},"end":{"line":435,"column":null}},"141":{"start":{"line":438,"column":19},"end":{"line":442,"column":null}},"142":{"start":{"line":439,"column":15},"end":{"line":439,"column":null}},"143":{"start":{"line":440,"column":4},"end":{"line":440,"column":null}},"144":{"start":{"line":440,"column":24},"end":{"line":440,"column":null}},"145":{"start":{"line":441,"column":4},"end":{"line":441,"column":null}},"146":{"start":{"line":441,"column":21},"end":{"line":441,"column":75}},"147":{"start":{"line":441,"column":41},"end":{"line":441,"column":75}},"148":{"start":{"line":441,"column":60},"end":{"line":441,"column":75}},"149":{"start":{"line":444,"column":23},"end":{"line":444,"column":null}},"150":{"start":{"line":444,"column":31},"end":{"line":444,"column":null}},"151":{"start":{"line":444,"column":51},"end":{"line":444,"column":null}},"152":{"start":{"line":444,"column":70},"end":{"line":444,"column":null}},"153":{"start":{"line":445,"column":34},"end":{"line":445,"column":null}},"154":{"start":{"line":446,"column":36},"end":{"line":446,"column":null}},"155":{"start":{"line":448,"column":23},"end":{"line":546,"column":null}},"156":{"start":{"line":449,"column":4},"end":{"line":449,"column":null}},"157":{"start":{"line":449,"column":18},"end":{"line":449,"column":null}},"158":{"start":{"line":450,"column":4},"end":{"line":450,"column":null}},"159":{"start":{"line":452,"column":14},"end":{"line":452,"column":null}},"160":{"start":{"line":453,"column":4},"end":{"line":459,"column":null}},"161":{"start":{"line":454,"column":6},"end":{"line":454,"column":null}},"162":{"start":{"line":455,"column":11},"end":{"line":459,"column":null}},"163":{"start":{"line":456,"column":6},"end":{"line":456,"column":null}},"164":{"start":{"line":457,"column":11},"end":{"line":459,"column":null}},"165":{"start":{"line":458,"column":6},"end":{"line":458,"column":null}},"166":{"start":{"line":460,"column":4},"end":{"line":460,"column":null}},"167":{"start":{"line":462,"column":4},"end":{"line":462,"column":null}},"168":{"start":{"line":463,"column":4},"end":{"line":545,"column":null}},"169":{"start":{"line":464,"column":18},"end":{"line":468,"column":null}},"170":{"start":{"line":470,"column":6},"end":{"line":475,"column":null}},"171":{"start":{"line":471,"column":24},"end":{"line":471,"column":null}},"172":{"start":{"line":472,"column":8},"end":{"line":472,"column":null}},"173":{"start":{"line":473,"column":8},"end":{"line":473,"column":null}},"174":{"start":{"line":474,"column":8},"end":{"line":474,"column":null}},"175":{"start":{"line":477,"column":6},"end":{"line":483,"column":null}},"176":{"start":{"line":478,"column":8},"end":{"line":478,"column":null}},"177":{"start":{"line":479,"column":8},"end":{"line":479,"column":null}},"178":{"start":{"line":479,"column":39},"end":{"line":479,"column":null}},"179":{"start":{"line":480,"column":8},"end":{"line":480,"column":null}},"180":{"start":{"line":481,"column":8},"end":{"line":481,"column":null}},"181":{"start":{"line":482,"column":8},"end":{"line":482,"column":null}},"182":{"start":{"line":486,"column":23},"end":{"line":486,"column":null}},"183":{"start":{"line":487,"column":25},"end":{"line":487,"column":null}},"184":{"start":{"line":489,"column":6},"end":{"line":489,"column":null}},"185":{"start":{"line":491,"column":21},"end":{"line":491,"column":null}},"186":{"start":{"line":492,"column":26},"end":{"line":492,"column":30}},"187":{"start":{"line":493,"column":19},"end":{"line":493,"column":null}},"188":{"start":{"line":495,"column":6},"end":{"line":534,"column":null}},"189":{"start":{"line":496,"column":8},"end":{"line":496,"column":null}},"190":{"start":{"line":498,"column":8},"end":{"line":531,"column":null}},"191":{"start":{"line":500,"column":27},"end":{"line":500,"column":null}},"192":{"start":{"line":501,"column":10},"end":{"line":510,"column":null}},"193":{"start":{"line":502,"column":27},"end":{"line":502,"column":null}},"194":{"start":{"line":503,"column":35},"end":{"line":503,"column":82}},"195":{"start":{"line":505,"column":12},"end":{"line":509,"column":null}},"196":{"start":{"line":506,"column":14},"end":{"line":506,"column":null}},"197":{"start":{"line":507,"column":14},"end":{"line":507,"column":null}},"198":{"start":{"line":507,"column":45},"end":{"line":507,"column":null}},"199":{"start":{"line":508,"column":14},"end":{"line":508,"column":null}},"200":{"start":{"line":513,"column":10},"end":{"line":513,"column":null}},"201":{"start":{"line":514,"column":27},"end":{"line":517,"column":null}},"202":{"start":{"line":519,"column":10},"end":{"line":528,"column":null}},"203":{"start":{"line":520,"column":25},"end":{"line":520,"column":null}},"204":{"start":{"line":521,"column":12},"end":{"line":527,"column":null}},"205":{"start":{"line":522,"column":14},"end":{"line":522,"column":null}},"206":{"start":{"line":523,"column":14},"end":{"line":523,"column":null}},"207":{"start":{"line":524,"column":19},"end":{"line":527,"column":null}},"208":{"start":{"line":525,"column":14},"end":{"line":525,"column":null}},"209":{"start":{"line":526,"column":14},"end":{"line":526,"column":null}},"210":{"start":{"line":533,"column":8},"end":{"line":533,"column":null}},"211":{"start":{"line":533,"column":39},"end":{"line":533,"column":null}},"212":{"start":{"line":536,"column":6},"end":{"line":540,"column":null}},"213":{"start":{"line":537,"column":8},"end":{"line":537,"column":null}},"214":{"start":{"line":539,"column":8},"end":{"line":539,"column":null}},"215":{"start":{"line":542,"column":6},"end":{"line":542,"column":null}},"216":{"start":{"line":544,"column":6},"end":{"line":544,"column":null}},"217":{"start":{"line":608,"column":31},"end":{"line":608,"column":null}},"218":{"start":{"line":616,"column":31},"end":{"line":616,"column":null}},"219":{"start":{"line":624,"column":31},"end":{"line":624,"column":null}}},"fnMap":{"0":{"name":"useServiceStatus","decl":{"start":{"line":6,"column":9},"end":{"line":6,"column":26}},"loc":{"start":{"line":6,"column":52},"end":{"line":37,"column":null}}},"1":{"name":"(anonymous_2)","decl":{"start":{"line":10,"column":12},"end":{"line":10,"column":null}},"loc":{"start":{"line":10,"column":12},"end":{"line":34,"column":5}}},"2":{"name":"(anonymous_3)","decl":{"start":{"line":12,"column":18},"end":{"line":12,"column":null}},"loc":{"start":{"line":12,"column":18},"end":{"line":30,"column":null}}},"3":{"name":"(anonymous_4)","decl":{"start":{"line":17,"column":46},"end":{"line":17,"column":52}},"loc":{"start":{"line":17,"column":52},"end":{"line":17,"column":null}}},"4":{"name":"(anonymous_5)","decl":{"start":{"line":33,"column":11},"end":{"line":33,"column":19}},"loc":{"start":{"line":33,"column":11},"end":{"line":33,"column":null}}},"5":{"name":"ToastContainer","decl":{"start":{"line":40,"column":9},"end":{"line":40,"column":24}},"loc":{"start":{"line":40,"column":45},"end":{"line":51,"column":null}}},"6":{"name":"(anonymous_7)","decl":{"start":{"line":43,"column":18},"end":{"line":43,"column":19}},"loc":{"start":{"line":44,"column":8},"end":{"line":44,"column":24}}},"7":{"name":"(anonymous_8)","decl":{"start":{"line":44,"column":63},"end":{"line":44,"column":69}},"loc":{"start":{"line":44,"column":69},"end":{"line":44,"column":null}}},"8":{"name":"StatusCard","decl":{"start":{"line":54,"column":9},"end":{"line":54,"column":20}},"loc":{"start":{"line":54,"column":69},"end":{"line":80,"column":null}}},"9":{"name":"(anonymous_10)","decl":{"start":{"line":71,"column":21},"end":{"line":71,"column":22}},"loc":{"start":{"line":72,"column":10},"end":{"line":72,"column":23}}},"10":{"name":"OllamaPanel","decl":{"start":{"line":83,"column":9},"end":{"line":83,"column":21}},"loc":{"start":{"line":83,"column":47},"end":{"line":261,"column":null}}},"11":{"name":"(anonymous_12)","decl":{"start":{"line":89,"column":34},"end":{"line":89,"column":null}},"loc":{"start":{"line":89,"column":34},"end":{"line":99,"column":5}}},"12":{"name":"(anonymous_13)","decl":{"start":{"line":101,"column":12},"end":{"line":101,"column":null}},"loc":{"start":{"line":101,"column":12},"end":{"line":103,"column":5}}},"13":{"name":"(anonymous_14)","decl":{"start":{"line":105,"column":21},"end":{"line":105,"column":null}},"loc":{"start":{"line":105,"column":21},"end":{"line":152,"column":null}}},"14":{"name":"(anonymous_15)","decl":{"start":{"line":154,"column":23},"end":{"line":154,"column":30}},"loc":{"start":{"line":154,"column":30},"end":{"line":170,"column":null}}},"15":{"name":"(anonymous_16)","decl":{"start":{"line":172,"column":21},"end":{"line":172,"column":22}},"loc":{"start":{"line":172,"column":22},"end":{"line":178,"column":null}}},"16":{"name":"(anonymous_17)","decl":{"start":{"line":205,"column":24},"end":{"line":205,"column":25}},"loc":{"start":{"line":206,"column":14},"end":{"line":206,"column":31}}},"17":{"name":"(anonymous_18)","decl":{"start":{"line":220,"column":29},"end":{"line":220,"column":35}},"loc":{"start":{"line":220,"column":35},"end":{"line":220,"column":null}}},"18":{"name":"(anonymous_19)","decl":{"start":{"line":237,"column":22},"end":{"line":237,"column":23}},"loc":{"start":{"line":237,"column":29},"end":{"line":237,"column":null}}},"19":{"name":"(anonymous_20)","decl":{"start":{"line":238,"column":23},"end":{"line":238,"column":24}},"loc":{"start":{"line":238,"column":30},"end":{"line":238,"column":null}}},"20":{"name":"VideoLabPanel","decl":{"start":{"line":264,"column":9},"end":{"line":264,"column":23}},"loc":{"start":{"line":264,"column":40},"end":{"line":319,"column":null}}},"21":{"name":"BootOverlay","decl":{"start":{"line":322,"column":9},"end":{"line":322,"column":21}},"loc":{"start":{"line":322,"column":32},"end":{"line":384,"column":null}}},"22":{"name":"(anonymous_23)","decl":{"start":{"line":325,"column":12},"end":{"line":325,"column":null}},"loc":{"start":{"line":325,"column":12},"end":{"line":343,"column":5}}},"23":{"name":"(anonymous_24)","decl":{"start":{"line":327,"column":22},"end":{"line":327,"column":null}},"loc":{"start":{"line":327,"column":22},"end":{"line":337,"column":null}}},"24":{"name":"(anonymous_25)","decl":{"start":{"line":341,"column":13},"end":{"line":341,"column":21}},"loc":{"start":{"line":341,"column":13},"end":{"line":341,"column":null}}},"25":{"name":"(anonymous_26)","decl":{"start":{"line":357,"column":20},"end":{"line":357,"column":21}},"loc":{"start":{"line":358,"column":13},"end":{"line":358,"column":36}}},"26":{"name":"Dashboard","decl":{"start":{"line":387,"column":24},"end":{"line":387,"column":null}},"loc":{"start":{"line":387,"column":24},"end":{"line":723,"column":null}}},"27":{"name":"(anonymous_28)","decl":{"start":{"line":405,"column":12},"end":{"line":405,"column":null}},"loc":{"start":{"line":405,"column":12},"end":{"line":409,"column":5}}},"28":{"name":"(anonymous_29)","decl":{"start":{"line":407,"column":17},"end":{"line":407,"column":23}},"loc":{"start":{"line":407,"column":23},"end":{"line":407,"column":42}}},"29":{"name":"(anonymous_30)","decl":{"start":{"line":412,"column":12},"end":{"line":412,"column":null}},"loc":{"start":{"line":412,"column":12},"end":{"line":428,"column":5}}},"30":{"name":"(anonymous_31)","decl":{"start":{"line":414,"column":21},"end":{"line":414,"column":null}},"loc":{"start":{"line":414,"column":21},"end":{"line":424,"column":null}}},"31":{"name":"(anonymous_32)","decl":{"start":{"line":427,"column":11},"end":{"line":427,"column":19}},"loc":{"start":{"line":427,"column":11},"end":{"line":427,"column":null}}},"32":{"name":"(anonymous_33)","decl":{"start":{"line":431,"column":12},"end":{"line":431,"column":null}},"loc":{"start":{"line":431,"column":12},"end":{"line":436,"column":5}}},"33":{"name":"(anonymous_34)","decl":{"start":{"line":432,"column":17},"end":{"line":432,"column":23}},"loc":{"start":{"line":432,"column":23},"end":{"line":432,"column":null}}},"34":{"name":"(anonymous_35)","decl":{"start":{"line":435,"column":11},"end":{"line":435,"column":17}},"loc":{"start":{"line":435,"column":17},"end":{"line":435,"column":null}}},"35":{"name":"(anonymous_36)","decl":{"start":{"line":438,"column":19},"end":{"line":438,"column":20}},"loc":{"start":{"line":438,"column":26},"end":{"line":442,"column":null}}},"36":{"name":"(anonymous_37)","decl":{"start":{"line":440,"column":14},"end":{"line":440,"column":15}},"loc":{"start":{"line":440,"column":24},"end":{"line":440,"column":null}}},"37":{"name":"(anonymous_38)","decl":{"start":{"line":441,"column":15},"end":{"line":441,"column":21}},"loc":{"start":{"line":441,"column":21},"end":{"line":441,"column":75}}},"38":{"name":"(anonymous_39)","decl":{"start":{"line":441,"column":31},"end":{"line":441,"column":32}},"loc":{"start":{"line":441,"column":41},"end":{"line":441,"column":75}}},"39":{"name":"(anonymous_40)","decl":{"start":{"line":441,"column":53},"end":{"line":441,"column":54}},"loc":{"start":{"line":441,"column":60},"end":{"line":441,"column":75}}},"40":{"name":"(anonymous_41)","decl":{"start":{"line":444,"column":23},"end":{"line":444,"column":24}},"loc":{"start":{"line":444,"column":31},"end":{"line":444,"column":null}}},"41":{"name":"(anonymous_42)","decl":{"start":{"line":444,"column":41},"end":{"line":444,"column":42}},"loc":{"start":{"line":444,"column":51},"end":{"line":444,"column":null}}},"42":{"name":"(anonymous_43)","decl":{"start":{"line":444,"column":63},"end":{"line":444,"column":64}},"loc":{"start":{"line":444,"column":70},"end":{"line":444,"column":null}}},"43":{"name":"(anonymous_44)","decl":{"start":{"line":448,"column":23},"end":{"line":448,"column":30}},"loc":{"start":{"line":448,"column":30},"end":{"line":546,"column":null}}},"44":{"name":"(anonymous_45)","decl":{"start":{"line":479,"column":26},"end":{"line":479,"column":27}},"loc":{"start":{"line":479,"column":39},"end":{"line":479,"column":null}}},"45":{"name":"(anonymous_46)","decl":{"start":{"line":507,"column":32},"end":{"line":507,"column":33}},"loc":{"start":{"line":507,"column":45},"end":{"line":507,"column":null}}},"46":{"name":"(anonymous_47)","decl":{"start":{"line":533,"column":26},"end":{"line":533,"column":27}},"loc":{"start":{"line":533,"column":39},"end":{"line":533,"column":null}}},"47":{"name":"(anonymous_48)","decl":{"start":{"line":608,"column":25},"end":{"line":608,"column":31}},"loc":{"start":{"line":608,"column":31},"end":{"line":608,"column":null}}},"48":{"name":"(anonymous_49)","decl":{"start":{"line":616,"column":25},"end":{"line":616,"column":31}},"loc":{"start":{"line":616,"column":31},"end":{"line":616,"column":null}}},"49":{"name":"(anonymous_50)","decl":{"start":{"line":624,"column":25},"end":{"line":624,"column":31}},"loc":{"start":{"line":624,"column":31},"end":{"line":624,"column":null}}}},"branchMap":{"0":{"loc":{"start":{"line":6,"column":37},"end":{"line":6,"column":52}},"type":"default-arg","locations":[{"start":{"line":6,"column":48},"end":{"line":6,"column":52}}]},"1":{"loc":{"start":{"line":15,"column":8},"end":{"line":15,"column":null}},"type":"if","locations":[{"start":{"line":15,"column":8},"end":{"line":15,"column":null}},{"start":{},"end":{}}]},"2":{"loc":{"start":{"line":16,"column":8},"end":{"line":23,"column":null}},"type":"if","locations":[{"start":{"line":16,"column":8},"end":{"line":23,"column":null}},{"start":{"line":20,"column":15},"end":{"line":23,"column":null}}]},"3":{"loc":{"start":{"line":25,"column":8},"end":{"line":28,"column":null}},"type":"if","locations":[{"start":{"line":25,"column":8},"end":{"line":28,"column":null}},{"start":{},"end":{}}]},"4":{"loc":{"start":{"line":45,"column":17},"end":{"line":45,"column":null}},"type":"cond-expr","locations":[{"start":{"line":45,"column":40},"end":{"line":45,"column":46}},{"start":{"line":45,"column":46},"end":{"line":45,"column":null}}]},"5":{"loc":{"start":{"line":45,"column":46},"end":{"line":45,"column":null}},"type":"cond-expr","locations":[{"start":{"line":45,"column":67},"end":{"line":45,"column":73}},{"start":{"line":45,"column":73},"end":{"line":45,"column":null}}]},"6":{"loc":{"start":{"line":67,"column":11},"end":{"line":67,"column":null}},"type":"cond-expr","locations":[{"start":{"line":67,"column":34},"end":{"line":67,"column":48}},{"start":{"line":67,"column":48},"end":{"line":67,"column":null}}]},"7":{"loc":{"start":{"line":67,"column":48},"end":{"line":67,"column":null}},"type":"cond-expr","locations":[{"start":{"line":67,"column":70},"end":{"line":67,"column":81}},{"start":{"line":67,"column":81},"end":{"line":67,"column":null}}]},"8":{"loc":{"start":{"line":92,"column":6},"end":{"line":95,"column":null}},"type":"if","locations":[{"start":{"line":92,"column":6},"end":{"line":95,"column":null}},{"start":{},"end":{}}]},"9":{"loc":{"start":{"line":94,"column":18},"end":{"line":94,"column":35}},"type":"binary-expr","locations":[{"start":{"line":94,"column":18},"end":{"line":94,"column":29}},{"start":{"line":94,"column":33},"end":{"line":94,"column":35}}]},"10":{"loc":{"start":{"line":102,"column":4},"end":{"line":102,"column":null}},"type":"if","locations":[{"start":{"line":102,"column":4},"end":{"line":102,"column":null}},{"start":{},"end":{}}]},"11":{"loc":{"start":{"line":106,"column":4},"end":{"line":106,"column":null}},"type":"if","locations":[{"start":{"line":106,"column":4},"end":{"line":106,"column":null}},{"start":{},"end":{}}]},"12":{"loc":{"start":{"line":106,"column":8},"end":{"line":106,"column":37}},"type":"binary-expr","locations":[{"start":{"line":106,"column":8},"end":{"line":106,"column":28}},{"start":{"line":106,"column":28},"end":{"line":106,"column":37}}]},"13":{"loc":{"start":{"line":118,"column":6},"end":{"line":118,"column":null}},"type":"if","locations":[{"start":{"line":118,"column":6},"end":{"line":118,"column":null}},{"start":{},"end":{}}]},"14":{"loc":{"start":{"line":123,"column":6},"end":{"line":141,"column":null}},"type":"if","locations":[{"start":{"line":123,"column":6},"end":{"line":141,"column":null}},{"start":{},"end":{}}]},"15":{"loc":{"start":{"line":126,"column":10},"end":{"line":126,"column":null}},"type":"if","locations":[{"start":{"line":126,"column":10},"end":{"line":126,"column":null}},{"start":{},"end":{}}]},"16":{"loc":{"start":{"line":133,"column":14},"end":{"line":135,"column":null}},"type":"if","locations":[{"start":{"line":133,"column":14},"end":{"line":135,"column":null}},{"start":{},"end":{}}]},"17":{"loc":{"start":{"line":161,"column":6},"end":{"line":166,"column":null}},"type":"if","locations":[{"start":{"line":161,"column":6},"end":{"line":166,"column":null}},{"start":{"line":164,"column":13},"end":{"line":166,"column":null}}]},"18":{"loc":{"start":{"line":173,"column":4},"end":{"line":173,"column":null}},"type":"if","locations":[{"start":{"line":173,"column":4},"end":{"line":173,"column":null}},{"start":{},"end":{}}]},"19":{"loc":{"start":{"line":175,"column":4},"end":{"line":175,"column":null}},"type":"if","locations":[{"start":{"line":175,"column":4},"end":{"line":175,"column":null}},{"start":{},"end":{}}]},"20":{"loc":{"start":{"line":192,"column":10},"end":{"line":197,"column":19}},"type":"cond-expr","locations":[{"start":{"line":192,"column":10},"end":{"line":197,"column":19}}]},"21":{"loc":{"start":{"line":198,"column":10},"end":{"line":204,"column":11}},"type":"cond-expr","locations":[{"start":{"line":198,"column":10},"end":{"line":204,"column":11}}]},"22":{"loc":{"start":{"line":212,"column":46},"end":{"line":212,"column":null}},"type":"binary-expr","locations":[{"start":{"line":212,"column":46},"end":{"line":212,"column":75}},{"start":{"line":212,"column":75},"end":{"line":212,"column":null}}]},"23":{"loc":{"start":{"line":238,"column":30},"end":{"line":238,"column":null}},"type":"binary-expr","locations":[{"start":{"line":238,"column":30},"end":{"line":238,"column":51}},{"start":{"line":238,"column":51},"end":{"line":238,"column":null}}]},"24":{"loc":{"start":{"line":239,"column":22},"end":{"line":239,"column":null}},"type":"binary-expr","locations":[{"start":{"line":239,"column":22},"end":{"line":239,"column":51}},{"start":{"line":239,"column":51},"end":{"line":239,"column":null}}]},"25":{"loc":{"start":{"line":244,"column":22},"end":{"line":244,"column":null}},"type":"binary-expr","locations":[{"start":{"line":244,"column":22},"end":{"line":244,"column":51}},{"start":{"line":244,"column":51},"end":{"line":244,"column":62}},{"start":{"line":244,"column":62},"end":{"line":244,"column":null}}]},"26":{"loc":{"start":{"line":246,"column":13},"end":{"line":246,"column":null}},"type":"cond-expr","locations":[{"start":{"line":246,"column":23},"end":{"line":246,"column":38}},{"start":{"line":246,"column":38},"end":{"line":246,"column":null}}]},"27":{"loc":{"start":{"line":250,"column":9},"end":{"line":250,"column":20}},"type":"binary-expr","locations":[{"start":{"line":250,"column":9},"end":{"line":250,"column":20}},{"start":{"line":250,"column":20},"end":{"line":250,"column":null}}]},"28":{"loc":{"start":{"line":273,"column":11},"end":{"line":273,"column":null}},"type":"cond-expr","locations":[{"start":{"line":273,"column":40},"end":{"line":273,"column":59}},{"start":{"line":273,"column":59},"end":{"line":273,"column":null}}]},"29":{"loc":{"start":{"line":307,"column":13},"end":{"line":307,"column":null}},"type":"binary-expr","locations":[{"start":{"line":307,"column":13},"end":{"line":307,"column":null}}]},"30":{"loc":{"start":{"line":330,"column":8},"end":{"line":333,"column":null}},"type":"if","locations":[{"start":{"line":330,"column":8},"end":{"line":333,"column":null}},{"start":{},"end":{}}]},"31":{"loc":{"start":{"line":330,"column":12},"end":{"line":330,"column":31}},"type":"binary-expr","locations":[{"start":{"line":330,"column":12},"end":{"line":330,"column":18}},{"start":{"line":330,"column":22},"end":{"line":330,"column":31}}]},"32":{"loc":{"start":{"line":332,"column":10},"end":{"line":332,"column":null}},"type":"if","locations":[{"start":{"line":332,"column":10},"end":{"line":332,"column":null}},{"start":{},"end":{}}]},"33":{"loc":{"start":{"line":338,"column":4},"end":{"line":342,"column":null}},"type":"if","locations":[{"start":{"line":338,"column":4},"end":{"line":342,"column":null}},{"start":{},"end":{}}]},"34":{"loc":{"start":{"line":346,"column":36},"end":{"line":346,"column":63}},"type":"cond-expr","locations":[{"start":{"line":346,"column":46},"end":{"line":346,"column":59}},{"start":{"line":346,"column":59},"end":{"line":346,"column":63}}]},"35":{"loc":{"start":{"line":361,"column":51},"end":{"line":361,"column":144}},"type":"cond-expr","locations":[{"start":{"line":361,"column":80},"end":{"line":361,"column":91}},{"start":{"line":361,"column":91},"end":{"line":361,"column":144}}]},"36":{"loc":{"start":{"line":361,"column":91},"end":{"line":361,"column":144}},"type":"cond-expr","locations":[{"start":{"line":361,"column":121},"end":{"line":361,"column":133}},{"start":{"line":361,"column":133},"end":{"line":361,"column":144}}]},"37":{"loc":{"start":{"line":366,"column":19},"end":{"line":366,"column":null}},"type":"binary-expr","locations":[{"start":{"line":366,"column":19},"end":{"line":366,"column":33}},{"start":{"line":366,"column":37},"end":{"line":366,"column":null}}]},"38":{"loc":{"start":{"line":370,"column":11},"end":{"line":370,"column":null}},"type":"binary-expr","locations":[{"start":{"line":370,"column":11},"end":{"line":370,"column":null}}]},"39":{"loc":{"start":{"line":376,"column":9},"end":{"line":376,"column":null}},"type":"binary-expr","locations":[{"start":{"line":376,"column":9},"end":{"line":376,"column":null}}]},"40":{"loc":{"start":{"line":406,"column":4},"end":{"line":408,"column":null}},"type":"if","locations":[{"start":{"line":406,"column":4},"end":{"line":408,"column":null}},{"start":{},"end":{}}]},"41":{"loc":{"start":{"line":406,"column":8},"end":{"line":406,"column":98}},"type":"binary-expr","locations":[{"start":{"line":406,"column":8},"end":{"line":406,"column":39}},{"start":{"line":406,"column":39},"end":{"line":406,"column":68}},{"start":{"line":406,"column":68},"end":{"line":406,"column":98}}]},"42":{"loc":{"start":{"line":417,"column":8},"end":{"line":420,"column":null}},"type":"if","locations":[{"start":{"line":417,"column":8},"end":{"line":420,"column":null}},{"start":{},"end":{}}]},"43":{"loc":{"start":{"line":417,"column":12},"end":{"line":417,"column":31}},"type":"binary-expr","locations":[{"start":{"line":417,"column":12},"end":{"line":417,"column":18}},{"start":{"line":417,"column":22},"end":{"line":417,"column":31}}]},"44":{"loc":{"start":{"line":449,"column":4},"end":{"line":449,"column":null}},"type":"if","locations":[{"start":{"line":449,"column":4},"end":{"line":449,"column":null}},{"start":{},"end":{}}]},"45":{"loc":{"start":{"line":453,"column":4},"end":{"line":459,"column":null}},"type":"if","locations":[{"start":{"line":453,"column":4},"end":{"line":459,"column":null}},{"start":{"line":455,"column":11},"end":{"line":459,"column":null}}]},"46":{"loc":{"start":{"line":455,"column":11},"end":{"line":459,"column":null}},"type":"if","locations":[{"start":{"line":455,"column":11},"end":{"line":459,"column":null}},{"start":{"line":457,"column":11},"end":{"line":459,"column":null}}]},"47":{"loc":{"start":{"line":457,"column":11},"end":{"line":459,"column":null}},"type":"if","locations":[{"start":{"line":457,"column":11},"end":{"line":459,"column":null}},{"start":{},"end":{}}]},"48":{"loc":{"start":{"line":462,"column":21},"end":{"line":462,"column":111}},"type":"cond-expr","locations":[{"start":{"line":462,"column":45},"end":{"line":462,"column":73}},{"start":{"line":462,"column":73},"end":{"line":462,"column":111}}]},"49":{"loc":{"start":{"line":470,"column":6},"end":{"line":475,"column":null}},"type":"if","locations":[{"start":{"line":470,"column":6},"end":{"line":475,"column":null}},{"start":{},"end":{}}]},"50":{"loc":{"start":{"line":472,"column":44},"end":{"line":472,"column":76}},"type":"binary-expr","locations":[{"start":{"line":472,"column":44},"end":{"line":472,"column":59}},{"start":{"line":472,"column":63},"end":{"line":472,"column":76}}]},"51":{"loc":{"start":{"line":477,"column":6},"end":{"line":483,"column":null}},"type":"if","locations":[{"start":{"line":477,"column":6},"end":{"line":483,"column":null}},{"start":{},"end":{}}]},"52":{"loc":{"start":{"line":486,"column":23},"end":{"line":486,"column":null}},"type":"cond-expr","locations":[{"start":{"line":486,"column":43},"end":{"line":486,"column":64}},{"start":{"line":486,"column":64},"end":{"line":486,"column":null}}]},"53":{"loc":{"start":{"line":487,"column":25},"end":{"line":487,"column":null}},"type":"cond-expr","locations":[{"start":{"line":487,"column":45},"end":{"line":487,"column":61}},{"start":{"line":487,"column":61},"end":{"line":487,"column":null}}]},"54":{"loc":{"start":{"line":501,"column":10},"end":{"line":510,"column":null}},"type":"if","locations":[{"start":{"line":501,"column":10},"end":{"line":510,"column":null}},{"start":{},"end":{}}]},"55":{"loc":{"start":{"line":503,"column":35},"end":{"line":503,"column":82}},"type":"cond-expr","locations":[{"start":{"line":503,"column":55},"end":{"line":503,"column":66}},{"start":{"line":503,"column":69},"end":{"line":503,"column":82}}]},"56":{"loc":{"start":{"line":505,"column":12},"end":{"line":509,"column":null}},"type":"if","locations":[{"start":{"line":505,"column":12},"end":{"line":509,"column":null}},{"start":{},"end":{}}]},"57":{"loc":{"start":{"line":519,"column":10},"end":{"line":528,"column":null}},"type":"if","locations":[{"start":{"line":519,"column":10},"end":{"line":528,"column":null}},{"start":{},"end":{}}]},"58":{"loc":{"start":{"line":521,"column":12},"end":{"line":527,"column":null}},"type":"if","locations":[{"start":{"line":521,"column":12},"end":{"line":527,"column":null}},{"start":{"line":524,"column":19},"end":{"line":527,"column":null}}]},"59":{"loc":{"start":{"line":521,"column":16},"end":{"line":521,"column":72}},"type":"binary-expr","locations":[{"start":{"line":521,"column":16},"end":{"line":521,"column":37}},{"start":{"line":521,"column":37},"end":{"line":521,"column":46}},{"start":{"line":521,"column":50},"end":{"line":521,"column":72}}]},"60":{"loc":{"start":{"line":524,"column":19},"end":{"line":527,"column":null}},"type":"if","locations":[{"start":{"line":524,"column":19},"end":{"line":527,"column":null}},{"start":{},"end":{}}]},"61":{"loc":{"start":{"line":524,"column":23},"end":{"line":524,"column":85}},"type":"binary-expr","locations":[{"start":{"line":524,"column":23},"end":{"line":524,"column":46}},{"start":{"line":524,"column":46},"end":{"line":524,"column":57}},{"start":{"line":524,"column":61},"end":{"line":524,"column":85}}]},"62":{"loc":{"start":{"line":536,"column":6},"end":{"line":540,"column":null}},"type":"if","locations":[{"start":{"line":536,"column":6},"end":{"line":540,"column":null}},{"start":{"line":538,"column":13},"end":{"line":540,"column":null}}]},"63":{"loc":{"start":{"line":581,"column":73},"end":{"line":581,"column":164}},"type":"cond-expr","locations":[{"start":{"line":581,"column":99},"end":{"line":581,"column":162}},{"start":{"line":581,"column":162},"end":{"line":581,"column":164}}]},"64":{"loc":{"start":{"line":588,"column":58},"end":{"line":588,"column":139}},"type":"cond-expr","locations":[{"start":{"line":588,"column":84},"end":{"line":588,"column":135}},{"start":{"line":588,"column":135},"end":{"line":588,"column":139}}]},"65":{"loc":{"start":{"line":589,"column":34},"end":{"line":591,"column":null}},"type":"cond-expr","locations":[{"start":{"line":590,"column":26},"end":{"line":590,"column":null}},{"start":{"line":591,"column":26},"end":{"line":591,"column":null}}]},"66":{"loc":{"start":{"line":589,"column":35},"end":{"line":589,"column":109}},"type":"cond-expr","locations":[{"start":{"line":589,"column":61},"end":{"line":589,"column":101}},{"start":{"line":589,"column":104},"end":{"line":589,"column":109}}]},"67":{"loc":{"start":{"line":598,"column":19},"end":{"line":598,"column":37}},"type":"binary-expr","locations":[{"start":{"line":598,"column":19},"end":{"line":598,"column":37}}]},"68":{"loc":{"start":{"line":606,"column":34},"end":{"line":606,"column":96}},"type":"cond-expr","locations":[{"start":{"line":606,"column":63},"end":{"line":606,"column":79}},{"start":{"line":606,"column":79},"end":{"line":606,"column":96}}]},"69":{"loc":{"start":{"line":611,"column":17},"end":{"line":611,"column":null}},"type":"cond-expr","locations":[{"start":{"line":611,"column":46},"end":{"line":611,"column":68}},{"start":{"line":611,"column":68},"end":{"line":611,"column":null}}]},"70":{"loc":{"start":{"line":614,"column":34},"end":{"line":614,"column":94}},"type":"cond-expr","locations":[{"start":{"line":614,"column":61},"end":{"line":614,"column":77}},{"start":{"line":614,"column":77},"end":{"line":614,"column":94}}]},"71":{"loc":{"start":{"line":615,"column":112},"end":{"line":615,"column":173}},"type":"cond-expr","locations":[{"start":{"line":615,"column":139},"end":{"line":615,"column":148}},{"start":{"line":615,"column":148},"end":{"line":615,"column":173}}]},"72":{"loc":{"start":{"line":619,"column":17},"end":{"line":619,"column":null}},"type":"cond-expr","locations":[{"start":{"line":619,"column":44},"end":{"line":619,"column":64}},{"start":{"line":619,"column":64},"end":{"line":619,"column":null}}]},"73":{"loc":{"start":{"line":625,"column":26},"end":{"line":625,"column":null}},"type":"binary-expr","locations":[{"start":{"line":625,"column":26},"end":{"line":625,"column":39}},{"start":{"line":625,"column":39},"end":{"line":625,"column":69}},{"start":{"line":625,"column":69},"end":{"line":625,"column":null}}]},"74":{"loc":{"start":{"line":644,"column":37},"end":{"line":644,"column":110}},"type":"cond-expr","locations":[{"start":{"line":644,"column":57},"end":{"line":644,"column":73}},{"start":{"line":644,"column":73},"end":{"line":644,"column":110}}]},"75":{"loc":{"start":{"line":645,"column":47},"end":{"line":645,"column":82}},"type":"binary-expr","locations":[{"start":{"line":645,"column":47},"end":{"line":645,"column":78}},{"start":{"line":645,"column":78},"end":{"line":645,"column":82}}]},"76":{"loc":{"start":{"line":657,"column":42},"end":{"line":657,"column":96}},"type":"cond-expr","locations":[{"start":{"line":657,"column":62},"end":{"line":657,"column":70}},{"start":{"line":657,"column":70},"end":{"line":657,"column":96}}]},"77":{"loc":{"start":{"line":702,"column":7},"end":{"line":702,"column":null}},"type":"binary-expr","locations":[{"start":{"line":702,"column":7},"end":{"line":702,"column":null}}]}},"s":{"0":4,"1":1,"2":42,"3":42,"4":42,"5":12,"6":12,"7":15,"8":15,"9":15,"10":0,"11":15,"12":1,"13":0,"14":1,"15":1,"16":14,"17":14,"18":0,"19":0,"20":0,"21":12,"22":12,"23":12,"24":12,"25":12,"26":42,"27":0,"28":0,"29":168,"30":15,"31":15,"32":15,"33":15,"34":15,"35":1,"36":1,"37":1,"38":1,"39":1,"40":15,"41":8,"42":1,"43":15,"44":0,"45":0,"46":0,"47":0,"48":0,"49":0,"50":0,"51":0,"52":0,"53":0,"54":0,"55":0,"56":0,"57":0,"58":0,"59":0,"60":0,"61":0,"62":0,"63":0,"64":0,"65":0,"66":0,"67":0,"68":0,"69":0,"70":0,"71":0,"72":0,"73":15,"74":0,"75":0,"76":0,"77":0,"78":0,"79":0,"80":0,"81":15,"82":1,"83":0,"84":1,"85":1,"86":0,"87":1,"88":1,"89":1,"90":0,"91":0,"92":0,"93":14,"94":14,"95":5,"96":5,"97":7,"98":7,"99":7,"100":0,"101":0,"102":0,"103":5,"104":4,"105":4,"106":4,"107":4,"108":4,"109":0,"110":14,"111":14,"112":14,"113":14,"114":14,"115":14,"116":14,"117":14,"118":9,"119":4,"120":1,"121":14,"122":4,"123":4,"124":5,"125":5,"126":5,"127":2,"128":2,"129":4,"130":4,"131":4,"132":4,"133":4,"134":14,"135":4,"136":9,"137":4,"138":4,"139":4,"140":4,"141":14,"142":0,"143":0,"144":0,"145":0,"146":0,"147":0,"148":0,"149":14,"150":0,"151":0,"152":0,"153":14,"154":14,"155":14,"156":0,"157":0,"158":0,"159":0,"160":0,"161":0,"162":0,"163":0,"164":0,"165":0,"166":0,"167":0,"168":0,"169":0,"170":0,"171":0,"172":0,"173":0,"174":0,"175":0,"176":0,"177":0,"178":0,"179":0,"180":0,"181":0,"182":0,"183":0,"184":0,"185":0,"186":0,"187":0,"188":0,"189":0,"190":0,"191":0,"192":0,"193":0,"194":0,"195":0,"196":0,"197":0,"198":0,"199":0,"200":0,"201":0,"202":0,"203":0,"204":0,"205":0,"206":0,"207":0,"208":0,"209":0,"210":0,"211":0,"212":0,"213":0,"214":0,"215":0,"216":0,"217":0,"218":0,"219":0},"f":{"0":42,"1":12,"2":15,"3":0,"4":12,"5":14,"6":0,"7":0,"8":56,"9":168,"10":15,"11":1,"12":8,"13":0,"14":0,"15":1,"16":1,"17":0,"18":0,"19":0,"20":14,"21":14,"22":5,"23":7,"24":4,"25":0,"26":14,"27":9,"28":1,"29":4,"30":5,"31":4,"32":4,"33":9,"34":4,"35":0,"36":0,"37":0,"38":0,"39":0,"40":0,"41":0,"42":0,"43":0,"44":0,"45":0,"46":0,"47":0,"48":0,"49":0},"b":{"0":[42],"1":[0,15],"2":[1,14],"3":[0,0],"4":[0,0],"5":[0,0],"6":[25,31],"7":[15,16],"8":[1,0],"9":[1,0],"10":[1,7],"11":[0,0],"12":[0,0],"13":[0,0],"14":[0,0],"15":[0,0],"16":[0,0],"17":[0,0],"18":[0,1],"19":[0,1],"20":[13],"21":[1],"22":[1,1],"23":[0,0],"24":[15,2],"25":[15,2,2],"26":[0,15],"27":[15,0],"28":[0,14],"29":[14],"30":[0,7],"31":[7,0],"32":[0,0],"33":[4,1],"34":[1,13],"35":[0,0],"36":[0,0],"37":[0,0],"38":[14],"39":[14],"40":[4,5],"41":[9,4,4],"42":[2,3],"43":[5,2],"44":[0,0],"45":[0,0],"46":[0,0],"47":[0,0],"48":[0,0],"49":[0,0],"50":[0,0],"51":[0,0],"52":[0,0],"53":[0,0],"54":[0,0],"55":[0,0],"56":[0,0],"57":[0,0],"58":[0,0],"59":[0,0,0],"60":[0,0],"61":[0,0,0],"62":[0,0],"63":[14,0],"64":[14,0],"65":[0,14],"66":[14,0],"67":[14],"68":[1,13],"69":[1,13],"70":[0,14],"71":[0,14],"72":[0,14],"73":[14,14,13],"74":[12,2],"75":[14,13],"76":[12,2],"77":[14]}}
,"/home/kenju/KHL-main/KHL-main/khl-ui/app/api/comfyui/status/route.js": {"path":"/home/kenju/KHL-main/KHL-main/khl-ui/app/api/comfyui/status/route.js","statementMap":{"0":{"start":{"line":4,"column":22},"end":{"line":4,"column":null}},"1":{"start":{"line":1,"column":13},"end":{"line":1,"column":23}},"2":{"start":{"line":1,"column":23},"end":{"line":1,"column":null}},"3":{"start":{"line":5,"column":22},"end":{"line":5,"column":null}},"4":{"start":{"line":7,"column":2},"end":{"line":22,"column":null}},"5":{"start":{"line":9,"column":16},"end":{"line":12,"column":null}},"6":{"start":{"line":14,"column":4},"end":{"line":16,"column":null}},"7":{"start":{"line":15,"column":6},"end":{"line":15,"column":null}},"8":{"start":{"line":18,"column":17},"end":{"line":18,"column":null}},"9":{"start":{"line":19,"column":4},"end":{"line":19,"column":null}},"10":{"start":{"line":21,"column":4},"end":{"line":21,"column":null}}},"fnMap":{"0":{"name":"GET","decl":{"start":{"line":4,"column":22},"end":{"line":4,"column":null}},"loc":{"start":{"line":4,"column":22},"end":{"line":23,"column":null}}}},"branchMap":{"0":{"loc":{"start":{"line":5,"column":22},"end":{"line":5,"column":null}},"type":"binary-expr","locations":[{"start":{"line":5,"column":22},"end":{"line":5,"column":49}},{"start":{"line":5,"column":53},"end":{"line":5,"column":null}}]},"1":{"loc":{"start":{"line":14,"column":4},"end":{"line":16,"column":null}},"type":"if","locations":[{"start":{"line":14,"column":4},"end":{"line":16,"column":null}},{"start":{},"end":{}}]}},"s":{"0":0,"1":0,"2":0,"3":0,"4":0,"5":0,"6":0,"7":0,"8":0,"9":0,"10":0},"f":{"0":0},"b":{"0":[0,0],"1":[0,0]}}
,"/home/kenju/KHL-main/KHL-main/khl-ui/app/api/engine/gpu/route.js": {"path":"/home/kenju/KHL-main/KHL-main/khl-ui/app/api/engine/gpu/route.js","statementMap":{"0":{"start":{"line":63,"column":22},"end":{"line":63,"column":null}},"1":{"start":{"line":1,"column":13},"end":{"line":1,"column":23}},"2":{"start":{"line":3,"column":17},"end":{"line":3,"column":null}},"3":{"start":{"line":1,"column":23},"end":{"line":1,"column":null}},"4":{"start":{"line":7,"column":2},"end":{"line":39,"column":null}},"5":{"start":{"line":8,"column":20},"end":{"line":15,"column":null}},"6":{"start":{"line":17,"column":16},"end":{"line":32,"column":null}},"7":{"start":{"line":18,"column":17},"end":{"line":18,"column":19}},"8":{"start":{"line":19,"column":6},"end":{"line":19,"column":null}},"9":{"start":{"line":19,"column":34},"end":{"line":19,"column":52}},"10":{"start":{"line":20,"column":6},"end":{"line":31,"column":null}},"11":{"start":{"line":21,"column":23},"end":{"line":21,"column":null}},"12":{"start":{"line":22,"column":8},"end":{"line":30,"column":null}},"13":{"start":{"line":23,"column":10},"end":{"line":27,"column":null}},"14":{"start":{"line":24,"column":12},"end":{"line":24,"column":null}},"15":{"start":{"line":26,"column":12},"end":{"line":26,"column":null}},"16":{"start":{"line":29,"column":10},"end":{"line":29,"column":null}},"17":{"start":{"line":34,"column":4},"end":{"line":34,"column":null}},"18":{"start":{"line":34,"column":29},"end":{"line":34,"column":null}},"19":{"start":{"line":35,"column":4},"end":{"line":37,"column":null}},"20":{"start":{"line":36,"column":6},"end":{"line":36,"column":null}},"21":{"start":{"line":38,"column":4},"end":{"line":38,"column":null}},"22":{"start":{"line":44,"column":15},"end":{"line":44,"column":null}},"23":{"start":{"line":45,"column":19},"end":{"line":45,"column":null}},"24":{"start":{"line":46,"column":2},"end":{"line":59,"column":null}},"25":{"start":{"line":47,"column":4},"end":{"line":47,"column":null}},"26":{"start":{"line":47,"column":36},"end":{"line":47,"column":null}},"27":{"start":{"line":48,"column":23},"end":{"line":48,"column":null}},"28":{"start":{"line":49,"column":24},"end":{"line":49,"column":null}},"29":{"start":{"line":50,"column":4},"end":{"line":50,"column":null}},"30":{"start":{"line":52,"column":4},"end":{"line":52,"column":null}},"31":{"start":{"line":52,"column":46},"end":{"line":52,"column":null}},"32":{"start":{"line":53,"column":20},"end":{"line":53,"column":null}},"33":{"start":{"line":54,"column":4},"end":{"line":54,"column":null}},"34":{"start":{"line":56,"column":4},"end":{"line":58,"column":null}},"35":{"start":{"line":57,"column":6},"end":{"line":57,"column":null}},"36":{"start":{"line":60,"column":2},"end":{"line":60,"column":null}},"37":{"start":{"line":64,"column":2},"end":{"line":126,"column":null}},"38":{"start":{"line":66,"column":23},"end":{"line":66,"column":null}},"39":{"start":{"line":69,"column":24},"end":{"line":69,"column":null}},"40":{"start":{"line":70,"column":20},"end":{"line":71,"column":null}},"41":{"start":{"line":71,"column":6},"end":{"line":71,"column":null}},"42":{"start":{"line":71,"column":27},"end":{"line":71,"column":58}},"43":{"start":{"line":74,"column":4},"end":{"line":76,"column":null}},"44":{"start":{"line":75,"column":6},"end":{"line":75,"column":null}},"45":{"start":{"line":78,"column":26},"end":{"line":78,"column":null}},"46":{"start":{"line":81,"column":20},"end":{"line":90,"column":null}},"47":{"start":{"line":93,"column":29},"end":{"line":96,"column":null}},"48":{"start":{"line":98,"column":19},"end":{"line":98,"column":null}},"49":{"start":{"line":102,"column":18},"end":{"line":102,"column":null}},"50":{"start":{"line":102,"column":45},"end":{"line":102,"column":null}},"51":{"start":{"line":103,"column":4},"end":{"line":105,"column":null}},"52":{"start":{"line":104,"column":6},"end":{"line":104,"column":null}},"53":{"start":{"line":107,"column":4},"end":{"line":114,"column":null}},"54":{"start":{"line":117,"column":4},"end":{"line":125,"column":null}}},"fnMap":{"0":{"name":"dockerApi","decl":{"start":{"line":6,"column":9},"end":{"line":6,"column":19}},"loc":{"start":{"line":6,"column":53},"end":{"line":40,"column":null}}},"1":{"name":"(anonymous_5)","decl":{"start":{"line":7,"column":21},"end":{"line":7,"column":22}},"loc":{"start":{"line":7,"column":31},"end":{"line":39,"column":null}}},"2":{"name":"(anonymous_6)","decl":{"start":{"line":17,"column":38},"end":{"line":17,"column":39}},"loc":{"start":{"line":17,"column":39},"end":{"line":32,"column":null}}},"3":{"name":"(anonymous_7)","decl":{"start":{"line":19,"column":21},"end":{"line":19,"column":22}},"loc":{"start":{"line":19,"column":22},"end":{"line":19,"column":null}}},"4":{"name":"(anonymous_8)","decl":{"start":{"line":20,"column":20},"end":{"line":20,"column":null}},"loc":{"start":{"line":20,"column":20},"end":{"line":31,"column":null}}},"5":{"name":"(anonymous_9)","decl":{"start":{"line":34,"column":20},"end":{"line":34,"column":21}},"loc":{"start":{"line":34,"column":29},"end":{"line":34,"column":null}}},"6":{"name":"parseDockerStream","decl":{"start":{"line":43,"column":9},"end":{"line":43,"column":27}},"loc":{"start":{"line":43,"column":33},"end":{"line":61,"column":null}}},"7":{"name":"GET","decl":{"start":{"line":63,"column":22},"end":{"line":63,"column":null}},"loc":{"start":{"line":63,"column":22},"end":{"line":127,"column":null}}},"8":{"name":"(anonymous_12)","decl":{"start":{"line":70,"column":36},"end":{"line":70,"column":null}},"loc":{"start":{"line":71,"column":6},"end":{"line":71,"column":null}}},"9":{"name":"(anonymous_13)","decl":{"start":{"line":71,"column":19},"end":{"line":71,"column":27}},"loc":{"start":{"line":71,"column":27},"end":{"line":71,"column":58}}},"10":{"name":"(anonymous_14)","decl":{"start":{"line":102,"column":40},"end":{"line":102,"column":45}},"loc":{"start":{"line":102,"column":45},"end":{"line":102,"column":null}}}},"branchMap":{"0":{"loc":{"start":{"line":6,"column":25},"end":{"line":6,"column":40}},"type":"default-arg","locations":[{"start":{"line":6,"column":34},"end":{"line":6,"column":40}}]},"1":{"loc":{"start":{"line":6,"column":42},"end":{"line":6,"column":53}},"type":"default-arg","locations":[{"start":{"line":6,"column":49},"end":{"line":6,"column":53}}]},"2":{"loc":{"start":{"line":22,"column":8},"end":{"line":30,"column":null}},"type":"if","locations":[{"start":{"line":22,"column":8},"end":{"line":30,"column":null}},{"start":{"line":28,"column":15},"end":{"line":30,"column":null}}]},"3":{"loc":{"start":{"line":22,"column":12},"end":{"line":22,"column":59}},"type":"binary-expr","locations":[{"start":{"line":22,"column":12},"end":{"line":22,"column":37}},{"start":{"line":22,"column":37},"end":{"line":22,"column":59}}]},"4":{"loc":{"start":{"line":35,"column":4},"end":{"line":37,"column":null}},"type":"if","locations":[{"start":{"line":35,"column":4},"end":{"line":37,"column":null}},{"start":{},"end":{}}]},"5":{"loc":{"start":{"line":47,"column":4},"end":{"line":47,"column":null}},"type":"if","locations":[{"start":{"line":47,"column":4},"end":{"line":47,"column":null}},{"start":{},"end":{}}]},"6":{"loc":{"start":{"line":52,"column":4},"end":{"line":52,"column":null}},"type":"if","locations":[{"start":{"line":52,"column":4},"end":{"line":52,"column":null}},{"start":{},"end":{}}]},"7":{"loc":{"start":{"line":56,"column":4},"end":{"line":58,"column":null}},"type":"if","locations":[{"start":{"line":56,"column":4},"end":{"line":58,"column":null}},{"start":{},"end":{}}]},"8":{"loc":{"start":{"line":71,"column":6},"end":{"line":71,"column":null}},"type":"binary-expr","locations":[{"start":{"line":71,"column":6},"end":{"line":71,"column":58}},{"start":{"line":71,"column":58},"end":{"line":71,"column":null}}]},"9":{"loc":{"start":{"line":74,"column":4},"end":{"line":76,"column":null}},"type":"if","locations":[{"start":{"line":74,"column":4},"end":{"line":76,"column":null}},{"start":{},"end":{}}]},"10":{"loc":{"start":{"line":103,"column":4},"end":{"line":105,"column":null}},"type":"if","locations":[{"start":{"line":103,"column":4},"end":{"line":105,"column":null}},{"start":{},"end":{}}]}},"s":{"0":0,"1":0,"2":0,"3":0,"4":0,"5":0,"6":0,"7":0,"8":0,"9":0,"10":0,"11":0,"12":0,"13":0,"14":0,"15":0,"16":0,"17":0,"18":0,"19":0,"20":0,"21":0,"22":0,"23":0,"24":0,"25":0,"26":0,"27":0,"28":0,"29":0,"30":0,"31":0,"32":0,"33":0,"34":0,"35":0,"36":0,"37":0,"38":0,"39":0,"40":0,"41":0,"42":0,"43":0,"44":0,"45":0,"46":0,"47":0,"48":0,"49":0,"50":0,"51":0,"52":0,"53":0,"54":0},"f":{"0":0,"1":0,"2":0,"3":0,"4":0,"5":0,"6":0,"7":0,"8":0,"9":0,"10":0},"b":{"0":[0],"1":[0],"2":[0,0],"3":[0,0],"4":[0,0],"5":[0,0],"6":[0,0],"7":[0,0],"8":[0,0],"9":[0,0],"10":[0,0]}}
,"/home/kenju/KHL-main/KHL-main/khl-ui/app/api/engine/toggle/route.js": {"path":"/home/kenju/KHL-main/KHL-main/khl-ui/app/api/engine/toggle/route.js","statementMap":{"0":{"start":{"line":39,"column":22},"end":{"line":39,"column":null}},"1":{"start":{"line":58,"column":22},"end":{"line":58,"column":27}},"2":{"start":{"line":1,"column":13},"end":{"line":1,"column":23}},"3":{"start":{"line":3,"column":17},"end":{"line":3,"column":null}},"4":{"start":{"line":1,"column":23},"end":{"line":1,"column":null}},"5":{"start":{"line":7,"column":2},"end":{"line":35,"column":null}},"6":{"start":{"line":8,"column":20},"end":{"line":15,"column":null}},"7":{"start":{"line":17,"column":16},"end":{"line":31,"column":null}},"8":{"start":{"line":18,"column":17},"end":{"line":18,"column":null}},"9":{"start":{"line":19,"column":6},"end":{"line":19,"column":null}},"10":{"start":{"line":19,"column":34},"end":{"line":19,"column":49}},"11":{"start":{"line":20,"column":6},"end":{"line":30,"column":null}},"12":{"start":{"line":21,"column":8},"end":{"line":29,"column":null}},"13":{"start":{"line":22,"column":10},"end":{"line":26,"column":null}},"14":{"start":{"line":23,"column":12},"end":{"line":23,"column":null}},"15":{"start":{"line":25,"column":12},"end":{"line":25,"column":null}},"16":{"start":{"line":28,"column":10},"end":{"line":28,"column":null}},"17":{"start":{"line":33,"column":4},"end":{"line":33,"column":null}},"18":{"start":{"line":33,"column":29},"end":{"line":33,"column":null}},"19":{"start":{"line":34,"column":4},"end":{"line":34,"column":null}},"20":{"start":{"line":40,"column":2},"end":{"line":54,"column":null}},"21":{"start":{"line":41,"column":46},"end":{"line":45,"column":null}},"22":{"start":{"line":42,"column":69},"end":{"line":42,"column":null}},"23":{"start":{"line":43,"column":67},"end":{"line":43,"column":null}},"24":{"start":{"line":44,"column":71},"end":{"line":44,"column":null}},"25":{"start":{"line":47,"column":4},"end":{"line":51,"column":null}},"26":{"start":{"line":53,"column":4},"end":{"line":53,"column":null}},"27":{"start":{"line":59,"column":2},"end":{"line":100,"column":null}},"28":{"start":{"line":60,"column":23},"end":{"line":60,"column":null}},"29":{"start":{"line":62,"column":4},"end":{"line":95,"column":null}},"30":{"start":{"line":63,"column":6},"end":{"line":63,"column":null}},"31":{"start":{"line":65,"column":6},"end":{"line":69,"column":null}},"32":{"start":{"line":66,"column":8},"end":{"line":66,"column":null}},"33":{"start":{"line":68,"column":8},"end":{"line":68,"column":null}},"34":{"start":{"line":72,"column":6},"end":{"line":72,"column":null}},"35":{"start":{"line":73,"column":6},"end":{"line":73,"column":null}},"36":{"start":{"line":75,"column":11},"end":{"line":95,"column":null}},"37":{"start":{"line":76,"column":6},"end":{"line":76,"column":null}},"38":{"start":{"line":78,"column":6},"end":{"line":82,"column":null}},"39":{"start":{"line":79,"column":8},"end":{"line":79,"column":null}},"40":{"start":{"line":81,"column":8},"end":{"line":81,"column":null}},"41":{"start":{"line":85,"column":6},"end":{"line":85,"column":null}},"42":{"start":{"line":86,"column":6},"end":{"line":86,"column":null}},"43":{"start":{"line":88,"column":11},"end":{"line":95,"column":null}},"44":{"start":{"line":89,"column":6},"end":{"line":89,"column":null}},"45":{"start":{"line":90,"column":6},"end":{"line":93,"column":null}},"46":{"start":{"line":91,"column":64},"end":{"line":91,"column":null}},"47":{"start":{"line":92,"column":62},"end":{"line":92,"column":null}},"48":{"start":{"line":94,"column":6},"end":{"line":94,"column":null}},"49":{"start":{"line":97,"column":4},"end":{"line":97,"column":null}},"50":{"start":{"line":99,"column":4},"end":{"line":99,"column":null}}},"fnMap":{"0":{"name":"dockerApi","decl":{"start":{"line":6,"column":9},"end":{"line":6,"column":19}},"loc":{"start":{"line":6,"column":40},"end":{"line":36,"column":null}}},"1":{"name":"(anonymous_6)","decl":{"start":{"line":7,"column":21},"end":{"line":7,"column":22}},"loc":{"start":{"line":7,"column":31},"end":{"line":35,"column":null}}},"2":{"name":"(anonymous_7)","decl":{"start":{"line":17,"column":38},"end":{"line":17,"column":39}},"loc":{"start":{"line":17,"column":39},"end":{"line":31,"column":null}}},"3":{"name":"(anonymous_8)","decl":{"start":{"line":19,"column":21},"end":{"line":19,"column":22}},"loc":{"start":{"line":19,"column":22},"end":{"line":19,"column":null}}},"4":{"name":"(anonymous_9)","decl":{"start":{"line":20,"column":20},"end":{"line":20,"column":null}},"loc":{"start":{"line":20,"column":20},"end":{"line":30,"column":null}}},"5":{"name":"(anonymous_10)","decl":{"start":{"line":33,"column":20},"end":{"line":33,"column":21}},"loc":{"start":{"line":33,"column":29},"end":{"line":33,"column":null}}},"6":{"name":"GET","decl":{"start":{"line":39,"column":22},"end":{"line":39,"column":null}},"loc":{"start":{"line":39,"column":22},"end":{"line":55,"column":null}}},"7":{"name":"(anonymous_12)","decl":{"start":{"line":42,"column":63},"end":{"line":42,"column":69}},"loc":{"start":{"line":42,"column":69},"end":{"line":42,"column":null}}},"8":{"name":"(anonymous_13)","decl":{"start":{"line":43,"column":61},"end":{"line":43,"column":67}},"loc":{"start":{"line":43,"column":67},"end":{"line":43,"column":null}}},"9":{"name":"(anonymous_14)","decl":{"start":{"line":44,"column":65},"end":{"line":44,"column":71}},"loc":{"start":{"line":44,"column":71},"end":{"line":44,"column":null}}},"10":{"name":"POST","decl":{"start":{"line":58,"column":22},"end":{"line":58,"column":27}},"loc":{"start":{"line":58,"column":34},"end":{"line":101,"column":null}}},"11":{"name":"(anonymous_16)","decl":{"start":{"line":91,"column":58},"end":{"line":91,"column":64}},"loc":{"start":{"line":91,"column":64},"end":{"line":91,"column":null}}},"12":{"name":"(anonymous_17)","decl":{"start":{"line":92,"column":56},"end":{"line":92,"column":62}},"loc":{"start":{"line":92,"column":62},"end":{"line":92,"column":null}}}},"branchMap":{"0":{"loc":{"start":{"line":6,"column":25},"end":{"line":6,"column":40}},"type":"default-arg","locations":[{"start":{"line":6,"column":34},"end":{"line":6,"column":40}}]},"1":{"loc":{"start":{"line":21,"column":8},"end":{"line":29,"column":null}},"type":"if","locations":[{"start":{"line":21,"column":8},"end":{"line":29,"column":null}},{"start":{"line":27,"column":15},"end":{"line":29,"column":null}}]},"2":{"loc":{"start":{"line":21,"column":12},"end":{"line":21,"column":87}},"type":"binary-expr","locations":[{"start":{"line":21,"column":12},"end":{"line":21,"column":38}},{"start":{"line":21,"column":38},"end":{"line":21,"column":63}},{"start":{"line":21,"column":63},"end":{"line":21,"column":87}}]},"3":{"loc":{"start":{"line":23,"column":20},"end":{"line":23,"column":null}},"type":"cond-expr","locations":[{"start":{"line":23,"column":27},"end":{"line":23,"column":46}},{"start":{"line":23,"column":46},"end":{"line":23,"column":null}}]},"4":{"loc":{"start":{"line":48,"column":14},"end":{"line":48,"column":null}},"type":"binary-expr","locations":[{"start":{"line":48,"column":14},"end":{"line":48,"column":43}},{"start":{"line":48,"column":43},"end":{"line":48,"column":null}}]},"5":{"loc":{"start":{"line":49,"column":12},"end":{"line":49,"column":null}},"type":"binary-expr","locations":[{"start":{"line":49,"column":12},"end":{"line":49,"column":39}},{"start":{"line":49,"column":39},"end":{"line":49,"column":null}}]},"6":{"loc":{"start":{"line":50,"column":15},"end":{"line":50,"column":null}},"type":"binary-expr","locations":[{"start":{"line":50,"column":15},"end":{"line":50,"column":43}},{"start":{"line":50,"column":43},"end":{"line":50,"column":null}}]},"7":{"loc":{"start":{"line":62,"column":4},"end":{"line":95,"column":null}},"type":"if","locations":[{"start":{"line":62,"column":4},"end":{"line":95,"column":null}},{"start":{"line":75,"column":11},"end":{"line":95,"column":null}}]},"8":{"loc":{"start":{"line":75,"column":11},"end":{"line":95,"column":null}},"type":"if","locations":[{"start":{"line":75,"column":11},"end":{"line":95,"column":null}},{"start":{"line":88,"column":11},"end":{"line":95,"column":null}}]},"9":{"loc":{"start":{"line":88,"column":11},"end":{"line":95,"column":null}},"type":"if","locations":[{"start":{"line":88,"column":11},"end":{"line":95,"column":null}},{"start":{},"end":{}}]}},"s":{"0":0,"1":0,"2":0,"3":0,"4":0,"5":0,"6":0,"7":0,"8":0,"9":0,"10":0,"11":0,"12":0,"13":0,"14":0,"15":0,"16":0,"17":0,"18":0,"19":0,"20":0,"21":0,"22":0,"23":0,"24":0,"25":0,"26":0,"27":0,"28":0,"29":0,"30":0,"31":0,"32":0,"33":0,"34":0,"35":0,"36":0,"37":0,"38":0,"39":0,"40":0,"41":0,"42":0,"43":0,"44":0,"45":0,"46":0,"47":0,"48":0,"49":0,"50":0},"f":{"0":0,"1":0,"2":0,"3":0,"4":0,"5":0,"6":0,"7":0,"8":0,"9":0,"10":0,"11":0,"12":0},"b":{"0":[0],"1":[0,0],"2":[0,0,0],"3":[0,0],"4":[0,0],"5":[0,0],"6":[0,0],"7":[0,0],"8":[0,0],"9":[0,0]}}
,"/home/kenju/KHL-main/KHL-main/khl-ui/app/api/ollama/delete/route.js": {"path":"/home/kenju/KHL-main/KHL-main/khl-ui/app/api/ollama/delete/route.js","statementMap":{"0":{"start":{"line":2,"column":22},"end":{"line":2,"column":29}},"1":{"start":{"line":3,"column":21},"end":{"line":3,"column":null}},"2":{"start":{"line":5,"column":2},"end":{"line":21,"column":null}},"3":{"start":{"line":6,"column":17},"end":{"line":6,"column":null}},"4":{"start":{"line":8,"column":16},"end":{"line":12,"column":null}},"5":{"start":{"line":14,"column":4},"end":{"line":16,"column":null}},"6":{"start":{"line":15,"column":6},"end":{"line":15,"column":null}},"7":{"start":{"line":18,"column":4},"end":{"line":18,"column":null}},"8":{"start":{"line":20,"column":4},"end":{"line":20,"column":null}}},"fnMap":{"0":{"name":"DELETE","decl":{"start":{"line":2,"column":22},"end":{"line":2,"column":29}},"loc":{"start":{"line":2,"column":36},"end":{"line":22,"column":null}}}},"branchMap":{"0":{"loc":{"start":{"line":3,"column":21},"end":{"line":3,"column":null}},"type":"binary-expr","locations":[{"start":{"line":3,"column":21},"end":{"line":3,"column":47}},{"start":{"line":3,"column":51},"end":{"line":3,"column":null}}]},"1":{"loc":{"start":{"line":14,"column":4},"end":{"line":16,"column":null}},"type":"if","locations":[{"start":{"line":14,"column":4},"end":{"line":16,"column":null}},{"start":{},"end":{}}]}},"s":{"0":0,"1":0,"2":0,"3":0,"4":0,"5":0,"6":0,"7":0,"8":0},"f":{"0":0},"b":{"0":[0,0],"1":[0,0]}}
,"/home/kenju/KHL-main/KHL-main/khl-ui/app/api/ollama/pull/route.js": {"path":"/home/kenju/KHL-main/KHL-main/khl-ui/app/api/ollama/pull/route.js","statementMap":{"0":{"start":{"line":2,"column":22},"end":{"line":2,"column":27}},"1":{"start":{"line":3,"column":21},"end":{"line":3,"column":null}},"2":{"start":{"line":5,"column":2},"end":{"line":27,"column":null}},"3":{"start":{"line":6,"column":17},"end":{"line":6,"column":null}},"4":{"start":{"line":8,"column":16},"end":{"line":12,"column":null}},"5":{"start":{"line":14,"column":4},"end":{"line":16,"column":null}},"6":{"start":{"line":15,"column":6},"end":{"line":15,"column":null}},"7":{"start":{"line":19,"column":4},"end":{"line":24,"column":null}},"8":{"start":{"line":26,"column":4},"end":{"line":26,"column":null}}},"fnMap":{"0":{"name":"POST","decl":{"start":{"line":2,"column":22},"end":{"line":2,"column":27}},"loc":{"start":{"line":2,"column":34},"end":{"line":28,"column":null}}}},"branchMap":{"0":{"loc":{"start":{"line":3,"column":21},"end":{"line":3,"column":null}},"type":"binary-expr","locations":[{"start":{"line":3,"column":21},"end":{"line":3,"column":47}},{"start":{"line":3,"column":51},"end":{"line":3,"column":null}}]},"1":{"loc":{"start":{"line":14,"column":4},"end":{"line":16,"column":null}},"type":"if","locations":[{"start":{"line":14,"column":4},"end":{"line":16,"column":null}},{"start":{},"end":{}}]}},"s":{"0":0,"1":0,"2":0,"3":0,"4":0,"5":0,"6":0,"7":0,"8":0},"f":{"0":0},"b":{"0":[0,0],"1":[0,0]}}
,"/home/kenju/KHL-main/KHL-main/khl-ui/app/api/ollama/tags/route.js": {"path":"/home/kenju/KHL-main/KHL-main/khl-ui/app/api/ollama/tags/route.js","statementMap":{"0":{"start":{"line":4,"column":22},"end":{"line":4,"column":null}},"1":{"start":{"line":1,"column":13},"end":{"line":1,"column":23}},"2":{"start":{"line":1,"column":23},"end":{"line":1,"column":null}},"3":{"start":{"line":5,"column":21},"end":{"line":5,"column":null}},"4":{"start":{"line":7,"column":2},"end":{"line":21,"column":null}},"5":{"start":{"line":8,"column":16},"end":{"line":11,"column":null}},"6":{"start":{"line":13,"column":4},"end":{"line":15,"column":null}},"7":{"start":{"line":14,"column":6},"end":{"line":14,"column":null}},"8":{"start":{"line":17,"column":17},"end":{"line":17,"column":null}},"9":{"start":{"line":18,"column":4},"end":{"line":18,"column":null}},"10":{"start":{"line":20,"column":4},"end":{"line":20,"column":null}}},"fnMap":{"0":{"name":"GET","decl":{"start":{"line":4,"column":22},"end":{"line":4,"column":null}},"loc":{"start":{"line":4,"column":22},"end":{"line":22,"column":null}}}},"branchMap":{"0":{"loc":{"start":{"line":5,"column":21},"end":{"line":5,"column":null}},"type":"binary-expr","locations":[{"start":{"line":5,"column":21},"end":{"line":5,"column":47}},{"start":{"line":5,"column":51},"end":{"line":5,"column":null}}]},"1":{"loc":{"start":{"line":13,"column":4},"end":{"line":15,"column":null}},"type":"if","locations":[{"start":{"line":13,"column":4},"end":{"line":15,"column":null}},{"start":{},"end":{}}]}},"s":{"0":0,"1":0,"2":0,"3":0,"4":0,"5":0,"6":0,"7":0,"8":0,"9":0,"10":0},"f":{"0":0},"b":{"0":[0,0],"1":[0,0]}}
,"/home/kenju/KHL-main/KHL-main/khl-ui/app/api/system/boot-status/route.js": {"path":"/home/kenju/KHL-main/KHL-main/khl-ui/app/api/system/boot-status/route.js","statementMap":{"0":{"start":{"line":68,"column":22},"end":{"line":68,"column":null}},"1":{"start":{"line":1,"column":13},"end":{"line":1,"column":23}},"2":{"start":{"line":2,"column":17},"end":{"line":2,"column":null}},"3":{"start":{"line":1,"column":23},"end":{"line":1,"column":null}},"4":{"start":{"line":5,"column":2},"end":{"line":37,"column":null}},"5":{"start":{"line":6,"column":20},"end":{"line":10,"column":null}},"6":{"start":{"line":12,"column":16},"end":{"line":33,"column":null}},"7":{"start":{"line":13,"column":17},"end":{"line":13,"column":null}},"8":{"start":{"line":14,"column":6},"end":{"line":14,"column":null}},"9":{"start":{"line":14,"column":34},"end":{"line":14,"column":71}},"10":{"start":{"line":15,"column":6},"end":{"line":32,"column":null}},"11":{"start":{"line":16,"column":8},"end":{"line":31,"column":null}},"12":{"start":{"line":18,"column":20},"end":{"line":18,"column":null}},"13":{"start":{"line":19,"column":23},"end":{"line":19,"column":null}},"14":{"start":{"line":20,"column":10},"end":{"line":27,"column":null}},"15":{"start":{"line":21,"column":12},"end":{"line":21,"column":null}},"16":{"start":{"line":21,"column":42},"end":{"line":21,"column":null}},"17":{"start":{"line":22,"column":24},"end":{"line":22,"column":null}},"18":{"start":{"line":23,"column":12},"end":{"line":23,"column":null}},"19":{"start":{"line":24,"column":12},"end":{"line":24,"column":null}},"20":{"start":{"line":24,"column":44},"end":{"line":24,"column":null}},"21":{"start":{"line":25,"column":12},"end":{"line":25,"column":null}},"22":{"start":{"line":26,"column":12},"end":{"line":26,"column":null}},"23":{"start":{"line":28,"column":10},"end":{"line":28,"column":null}},"24":{"start":{"line":30,"column":10},"end":{"line":30,"column":null}},"25":{"start":{"line":35,"column":4},"end":{"line":35,"column":null}},"26":{"start":{"line":35,"column":26},"end":{"line":35,"column":null}},"27":{"start":{"line":36,"column":4},"end":{"line":36,"column":null}},"28":{"start":{"line":41,"column":2},"end":{"line":65,"column":null}},"29":{"start":{"line":42,"column":20},"end":{"line":46,"column":null}},"30":{"start":{"line":47,"column":16},"end":{"line":62,"column":null}},"31":{"start":{"line":48,"column":17},"end":{"line":48,"column":null}},"32":{"start":{"line":49,"column":6},"end":{"line":49,"column":null}},"33":{"start":{"line":49,"column":30},"end":{"line":49,"column":null}},"34":{"start":{"line":50,"column":6},"end":{"line":61,"column":null}},"35":{"start":{"line":51,"column":8},"end":{"line":60,"column":null}},"36":{"start":{"line":52,"column":10},"end":{"line":57,"column":null}},"37":{"start":{"line":53,"column":25},"end":{"line":53,"column":null}},"38":{"start":{"line":54,"column":12},"end":{"line":54,"column":null}},"39":{"start":{"line":56,"column":12},"end":{"line":56,"column":null}},"40":{"start":{"line":59,"column":10},"end":{"line":59,"column":null}},"41":{"start":{"line":63,"column":4},"end":{"line":63,"column":null}},"42":{"start":{"line":63,"column":26},"end":{"line":63,"column":null}},"43":{"start":{"line":64,"column":4},"end":{"line":64,"column":null}},"44":{"start":{"line":69,"column":2},"end":{"line":103,"column":null}},"45":{"start":{"line":70,"column":20},"end":{"line":70,"column":null}},"46":{"start":{"line":72,"column":20},"end":{"line":97,"column":null}},"47":{"start":{"line":74,"column":22},"end":{"line":74,"column":null}},"48":{"start":{"line":75,"column":19},"end":{"line":75,"column":null}},"49":{"start":{"line":76,"column":8},"end":{"line":78,"column":null}},"50":{"start":{"line":77,"column":10},"end":{"line":77,"column":null}},"51":{"start":{"line":81,"column":22},"end":{"line":81,"column":null}},"52":{"start":{"line":82,"column":25},"end":{"line":82,"column":null}},"53":{"start":{"line":82,"column":51},"end":{"line":82,"column":61}},"54":{"start":{"line":84,"column":8},"end":{"line":88,"column":null}},"55":{"start":{"line":85,"column":27},"end":{"line":85,"column":56}},"56":{"start":{"line":87,"column":10},"end":{"line":87,"column":null}},"57":{"start":{"line":90,"column":8},"end":{"line":94,"column":null}},"58":{"start":{"line":91,"column":10},"end":{"line":91,"column":null}},"59":{"start":{"line":92,"column":15},"end":{"line":94,"column":null}},"60":{"start":{"line":93,"column":10},"end":{"line":93,"column":null}},"61":{"start":{"line":96,"column":8},"end":{"line":96,"column":null}},"62":{"start":{"line":100,"column":4},"end":{"line":100,"column":null}},"63":{"start":{"line":102,"column":4},"end":{"line":102,"column":null}}},"fnMap":{"0":{"name":"getDockerLogs","decl":{"start":{"line":4,"column":9},"end":{"line":4,"column":23}},"loc":{"start":{"line":4,"column":48},"end":{"line":38,"column":null}}},"1":{"name":"(anonymous_5)","decl":{"start":{"line":5,"column":21},"end":{"line":5,"column":22}},"loc":{"start":{"line":5,"column":22},"end":{"line":37,"column":null}}},"2":{"name":"(anonymous_6)","decl":{"start":{"line":12,"column":38},"end":{"line":12,"column":39}},"loc":{"start":{"line":12,"column":39},"end":{"line":33,"column":null}}},"3":{"name":"(anonymous_7)","decl":{"start":{"line":14,"column":21},"end":{"line":14,"column":22}},"loc":{"start":{"line":14,"column":22},"end":{"line":14,"column":null}}},"4":{"name":"(anonymous_8)","decl":{"start":{"line":15,"column":20},"end":{"line":15,"column":null}},"loc":{"start":{"line":15,"column":20},"end":{"line":32,"column":null}}},"5":{"name":"(anonymous_9)","decl":{"start":{"line":35,"column":20},"end":{"line":35,"column":26}},"loc":{"start":{"line":35,"column":26},"end":{"line":35,"column":null}}},"6":{"name":"getContainerStatus","decl":{"start":{"line":40,"column":9},"end":{"line":40,"column":28}},"loc":{"start":{"line":40,"column":41},"end":{"line":66,"column":null}}},"7":{"name":"(anonymous_11)","decl":{"start":{"line":41,"column":21},"end":{"line":41,"column":22}},"loc":{"start":{"line":41,"column":22},"end":{"line":65,"column":null}}},"8":{"name":"(anonymous_12)","decl":{"start":{"line":47,"column":38},"end":{"line":47,"column":39}},"loc":{"start":{"line":47,"column":39},"end":{"line":62,"column":null}}},"9":{"name":"(anonymous_13)","decl":{"start":{"line":49,"column":21},"end":{"line":49,"column":30}},"loc":{"start":{"line":49,"column":30},"end":{"line":49,"column":null}}},"10":{"name":"(anonymous_14)","decl":{"start":{"line":50,"column":20},"end":{"line":50,"column":null}},"loc":{"start":{"line":50,"column":20},"end":{"line":61,"column":null}}},"11":{"name":"(anonymous_15)","decl":{"start":{"line":63,"column":20},"end":{"line":63,"column":26}},"loc":{"start":{"line":63,"column":26},"end":{"line":63,"column":null}}},"12":{"name":"GET","decl":{"start":{"line":68,"column":22},"end":{"line":68,"column":null}},"loc":{"start":{"line":68,"column":22},"end":{"line":104,"column":null}}},"13":{"name":"(anonymous_17)","decl":{"start":{"line":73,"column":18},"end":{"line":73,"column":25}},"loc":{"start":{"line":73,"column":25},"end":{"line":97,"column":null}}},"14":{"name":"(anonymous_18)","decl":{"start":{"line":82,"column":46},"end":{"line":82,"column":51}},"loc":{"start":{"line":82,"column":51},"end":{"line":82,"column":61}}}},"branchMap":{"0":{"loc":{"start":{"line":4,"column":38},"end":{"line":4,"column":48}},"type":"default-arg","locations":[{"start":{"line":4,"column":46},"end":{"line":4,"column":48}}]},"1":{"loc":{"start":{"line":16,"column":8},"end":{"line":31,"column":null}},"type":"if","locations":[{"start":{"line":16,"column":8},"end":{"line":31,"column":null}},{"start":{"line":29,"column":15},"end":{"line":31,"column":null}}]},"2":{"loc":{"start":{"line":16,"column":12},"end":{"line":16,"column":59}},"type":"binary-expr","locations":[{"start":{"line":16,"column":12},"end":{"line":16,"column":37}},{"start":{"line":16,"column":37},"end":{"line":16,"column":59}}]},"3":{"loc":{"start":{"line":21,"column":12},"end":{"line":21,"column":null}},"type":"if","locations":[{"start":{"line":21,"column":12},"end":{"line":21,"column":null}},{"start":{},"end":{}}]},"4":{"loc":{"start":{"line":24,"column":12},"end":{"line":24,"column":null}},"type":"if","locations":[{"start":{"line":24,"column":12},"end":{"line":24,"column":null}},{"start":{},"end":{}}]},"5":{"loc":{"start":{"line":52,"column":10},"end":{"line":57,"column":null}},"type":"if","locations":[{"start":{"line":52,"column":10},"end":{"line":57,"column":null}},{"start":{"line":55,"column":17},"end":{"line":57,"column":null}}]},"6":{"loc":{"start":{"line":52,"column":14},"end":{"line":52,"column":61}},"type":"binary-expr","locations":[{"start":{"line":52,"column":14},"end":{"line":52,"column":39}},{"start":{"line":52,"column":39},"end":{"line":52,"column":61}}]},"7":{"loc":{"start":{"line":54,"column":20},"end":{"line":54,"column":null}},"type":"binary-expr","locations":[{"start":{"line":54,"column":20},"end":{"line":54,"column":43}},{"start":{"line":54,"column":43},"end":{"line":54,"column":null}}]},"8":{"loc":{"start":{"line":76,"column":8},"end":{"line":78,"column":null}},"type":"if","locations":[{"start":{"line":76,"column":8},"end":{"line":78,"column":null}},{"start":{},"end":{}}]},"9":{"loc":{"start":{"line":76,"column":12},"end":{"line":76,"column":57}},"type":"binary-expr","locations":[{"start":{"line":76,"column":12},"end":{"line":76,"column":35}},{"start":{"line":76,"column":35},"end":{"line":76,"column":57}}]},"10":{"loc":{"start":{"line":84,"column":8},"end":{"line":88,"column":null}},"type":"if","locations":[{"start":{"line":84,"column":8},"end":{"line":88,"column":null}},{"start":{},"end":{}}]},"11":{"loc":{"start":{"line":90,"column":8},"end":{"line":94,"column":null}},"type":"if","locations":[{"start":{"line":90,"column":8},"end":{"line":94,"column":null}},{"start":{"line":92,"column":15},"end":{"line":94,"column":null}}]},"12":{"loc":{"start":{"line":90,"column":12},"end":{"line":90,"column":57}},"type":"binary-expr","locations":[{"start":{"line":90,"column":12},"end":{"line":90,"column":35}},{"start":{"line":90,"column":35},"end":{"line":90,"column":57}}]},"13":{"loc":{"start":{"line":92,"column":15},"end":{"line":94,"column":null}},"type":"if","locations":[{"start":{"line":92,"column":15},"end":{"line":94,"column":null}},{"start":{},"end":{}}]},"14":{"loc":{"start":{"line":92,"column":19},"end":{"line":92,"column":65}},"type":"binary-expr","locations":[{"start":{"line":92,"column":19},"end":{"line":92,"column":42}},{"start":{"line":92,"column":42},"end":{"line":92,"column":65}}]}},"s":{"0":0,"1":0,"2":0,"3":0,"4":0,"5":0,"6":0,"7":0,"8":0,"9":0,"10":0,"11":0,"12":0,"13":0,"14":0,"15":0,"16":0,"17":0,"18":0,"19":0,"20":0,"21":0,"22":0,"23":0,"24":0,"25":0,"26":0,"27":0,"28":0,"29":0,"30":0,"31":0,"32":0,"33":0,"34":0,"35":0,"36":0,"37":0,"38":0,"39":0,"40":0,"41":0,"42":0,"43":0,"44":0,"45":0,"46":0,"47":0,"48":0,"49":0,"50":0,"51":0,"52":0,"53":0,"54":0,"55":0,"56":0,"57":0,"58":0,"59":0,"60":0,"61":0,"62":0,"63":0},"f":{"0":0,"1":0,"2":0,"3":0,"4":0,"5":0,"6":0,"7":0,"8":0,"9":0,"10":0,"11":0,"12":0,"13":0,"14":0},"b":{"0":[0],"1":[0,0],"2":[0,0],"3":[0,0],"4":[0,0],"5":[0,0],"6":[0,0],"7":[0,0],"8":[0,0],"9":[0,0],"10":[0,0],"11":[0,0],"12":[0,0],"13":[0,0],"14":[0,0]}}
,"/home/kenju/KHL-main/KHL-main/khl-ui/app/api/vllm/models/route.js": {"path":"/home/kenju/KHL-main/KHL-main/khl-ui/app/api/vllm/models/route.js","statementMap":{"0":{"start":{"line":4,"column":22},"end":{"line":4,"column":null}},"1":{"start":{"line":1,"column":13},"end":{"line":1,"column":23}},"2":{"start":{"line":1,"column":23},"end":{"line":1,"column":null}},"3":{"start":{"line":5,"column":19},"end":{"line":5,"column":null}},"4":{"start":{"line":7,"column":2},"end":{"line":21,"column":null}},"5":{"start":{"line":8,"column":16},"end":{"line":11,"column":null}},"6":{"start":{"line":13,"column":4},"end":{"line":15,"column":null}},"7":{"start":{"line":14,"column":6},"end":{"line":14,"column":null}},"8":{"start":{"line":17,"column":17},"end":{"line":17,"column":null}},"9":{"start":{"line":18,"column":4},"end":{"line":18,"column":null}},"10":{"start":{"line":20,"column":4},"end":{"line":20,"column":null}}},"fnMap":{"0":{"name":"GET","decl":{"start":{"line":4,"column":22},"end":{"line":4,"column":null}},"loc":{"start":{"line":4,"column":22},"end":{"line":22,"column":null}}}},"branchMap":{"0":{"loc":{"start":{"line":5,"column":19},"end":{"line":5,"column":null}},"type":"binary-expr","locations":[{"start":{"line":5,"column":19},"end":{"line":5,"column":43}},{"start":{"line":5,"column":47},"end":{"line":5,"column":null}}]},"1":{"loc":{"start":{"line":13,"column":4},"end":{"line":15,"column":null}},"type":"if","locations":[{"start":{"line":13,"column":4},"end":{"line":15,"column":null}},{"start":{},"end":{}}]}},"s":{"0":0,"1":0,"2":0,"3":0,"4":0,"5":0,"6":0,"7":0,"8":0,"9":0,"10":0},"f":{"0":0},"b":{"0":[0,0],"1":[0,0]}}
}
