TN:
SF:app/page.js
FN:6,useServiceStatus
FN:10,(anonymous_2)
FN:12,(anonymous_3)
FN:17,(anonymous_4)
FN:33,(anonymous_5)
FN:40,ToastContainer
FN:43,(anonymous_7)
FN:44,(anonymous_8)
FN:54,StatusCard
FN:71,(anonymous_10)
FN:83,OllamaPanel
FN:89,(anonymous_12)
FN:101,(anonymous_13)
FN:105,(anonymous_14)
FN:154,(anonymous_15)
FN:172,(anonymous_16)
FN:205,(anonymous_17)
FN:220,(anonymous_18)
FN:237,(anonymous_19)
FN:238,(anonymous_20)
FN:264,VideoLabPanel
FN:322,BootOverlay
FN:325,(anonymous_23)
FN:327,(anonymous_24)
FN:341,(anonymous_25)
FN:357,(anonymous_26)
FN:387,Dashboard
FN:405,(anonymous_28)
FN:407,(anonymous_29)
FN:412,(anonymous_30)
FN:414,(anonymous_31)
FN:427,(anonymous_32)
FN:431,(anonymous_33)
FN:432,(anonymous_34)
FN:435,(anonymous_35)
FN:438,(anonymous_36)
FN:440,(anonymous_37)
FN:441,(anonymous_38)
FN:441,(anonymous_39)
FN:441,(anonymous_40)
FN:444,(anonymous_41)
FN:444,(anonymous_42)
FN:444,(anonymous_43)
FN:448,(anonymous_44)
FN:479,(anonymous_45)
FN:507,(anonymous_46)
FN:533,(anonymous_47)
FN:608,(anonymous_48)
FN:616,(anonymous_49)
FN:624,(anonymous_50)
FNF:50
FNH:26
FNDA:42,useServiceStatus
FNDA:12,(anonymous_2)
FNDA:15,(anonymous_3)
FNDA:0,(anonymous_4)
FNDA:12,(anonymous_5)
FNDA:14,ToastContainer
FNDA:0,(anonymous_7)
FNDA:0,(anonymous_8)
FNDA:56,StatusCard
FNDA:168,(anonymous_10)
FNDA:15,OllamaPanel
FNDA:1,(anonymous_12)
FNDA:8,(anonymous_13)
FNDA:0,(anonymous_14)
FNDA:0,(anonymous_15)
FNDA:1,(anonymous_16)
FNDA:1,(anonymous_17)
FNDA:0,(anonymous_18)
FNDA:0,(anonymous_19)
FNDA:0,(anonymous_20)
FNDA:14,VideoLabPanel
FNDA:14,BootOverlay
FNDA:5,(anonymous_23)
FNDA:7,(anonymous_24)
FNDA:4,(anonymous_25)
FNDA:0,(anonymous_26)
FNDA:14,Dashboard
FNDA:9,(anonymous_28)
FNDA:1,(anonymous_29)
FNDA:4,(anonymous_30)
FNDA:5,(anonymous_31)
FNDA:4,(anonymous_32)
FNDA:4,(anonymous_33)
FNDA:9,(anonymous_34)
FNDA:4,(anonymous_35)
FNDA:0,(anonymous_36)
FNDA:0,(anonymous_37)
FNDA:0,(anonymous_38)
FNDA:0,(anonymous_39)
FNDA:0,(anonymous_40)
FNDA:0,(anonymous_41)
FNDA:0,(anonymous_42)
FNDA:0,(anonymous_43)
FNDA:0,(anonymous_44)
FNDA:0,(anonymous_45)
FNDA:0,(anonymous_46)
FNDA:0,(anonymous_47)
FNDA:0,(anonymous_48)
FNDA:0,(anonymous_49)
FNDA:0,(anonymous_50)
DA:3,1
DA:7,42
DA:8,42
DA:10,42
DA:11,12
DA:12,12
DA:13,15
DA:14,15
DA:15,15
DA:16,15
DA:17,1
DA:18,1
DA:19,1
DA:21,14
DA:22,14
DA:25,0
DA:26,0
DA:27,0
DA:31,12
DA:32,12
DA:33,12
DA:36,42
DA:44,0
DA:72,168
DA:84,15
DA:85,15
DA:86,15
DA:87,15
DA:89,15
DA:90,1
DA:91,1
DA:92,1
DA:93,1
DA:94,1
DA:101,15
DA:102,8
DA:105,15
DA:106,0
DA:107,0
DA:108,0
DA:109,0
DA:111,0
DA:112,0
DA:118,0
DA:120,0
DA:121,0
DA:123,0
DA:124,0
DA:125,0
DA:126,0
DA:127,0
DA:129,0
DA:130,0
DA:131,0
DA:132,0
DA:133,0
DA:134,0
DA:143,0
DA:144,0
DA:145,0
DA:147,0
DA:149,0
DA:150,0
DA:154,15
DA:155,0
DA:156,0
DA:161,0
DA:162,0
DA:163,0
DA:165,0
DA:168,0
DA:172,15
DA:173,1
DA:174,1
DA:175,1
DA:176,1
DA:177,1
DA:206,1
DA:220,0
DA:237,0
DA:238,0
DA:323,14
DA:325,14
DA:326,5
DA:327,5
DA:328,7
DA:329,7
DA:330,7
DA:331,0
DA:332,0
DA:338,5
DA:339,4
DA:340,4
DA:341,4
DA:358,0
DA:387,4
DA:388,14
DA:389,14
DA:390,14
DA:391,14
DA:401,14
DA:402,14
DA:403,14
DA:405,14
DA:406,9
DA:407,4
DA:412,14
DA:413,4
DA:414,4
DA:415,5
DA:416,5
DA:417,5
DA:418,2
DA:419,2
DA:425,4
DA:426,4
DA:427,4
DA:431,14
DA:432,9
DA:433,4
DA:434,4
DA:435,4
DA:438,14
DA:439,0
DA:440,0
DA:441,0
DA:444,14
DA:445,14
DA:446,14
DA:448,14
DA:449,0
DA:450,0
DA:452,0
DA:453,0
DA:454,0
DA:455,0
DA:456,0
DA:457,0
DA:458,0
DA:460,0
DA:462,0
DA:463,0
DA:464,0
DA:470,0
DA:471,0
DA:472,0
DA:473,0
DA:474,0
DA:477,0
DA:478,0
DA:479,0
DA:480,0
DA:481,0
DA:482,0
DA:486,0
DA:487,0
DA:489,0
DA:491,0
DA:492,0
DA:493,0
DA:495,0
DA:496,0
DA:498,0
DA:500,0
DA:501,0
DA:502,0
DA:503,0
DA:505,0
DA:506,0
DA:507,0
DA:508,0
DA:513,0
DA:514,0
DA:519,0
DA:520,0
DA:521,0
DA:522,0
DA:523,0
DA:524,0
DA:525,0
DA:526,0
DA:533,0
DA:536,0
DA:537,0
DA:539,0
DA:542,0
DA:544,0
DA:608,0
DA:616,0
DA:624,0
LF:190
LH:84
BRDA:6,0,0,42
BRDA:15,1,0,0
BRDA:15,1,1,15
BRDA:16,2,0,1
BRDA:16,2,1,14
BRDA:25,3,0,0
BRDA:25,3,1,0
BRDA:45,4,0,0
BRDA:45,4,1,0
BRDA:45,5,0,0
BRDA:45,5,1,0
BRDA:67,6,0,25
BRDA:67,6,1,31
BRDA:67,7,0,15
BRDA:67,7,1,16
BRDA:92,8,0,1
BRDA:92,8,1,0
BRDA:94,9,0,1
BRDA:94,9,1,0
BRDA:102,10,0,1
BRDA:102,10,1,7
BRDA:106,11,0,0
BRDA:106,11,1,0
BRDA:106,12,0,0
BRDA:106,12,1,0
BRDA:118,13,0,0
BRDA:118,13,1,0
BRDA:123,14,0,0
BRDA:123,14,1,0
BRDA:126,15,0,0
BRDA:126,15,1,0
BRDA:133,16,0,0
BRDA:133,16,1,0
BRDA:161,17,0,0
BRDA:161,17,1,0
BRDA:173,18,0,0
BRDA:173,18,1,1
BRDA:175,19,0,0
BRDA:175,19,1,1
BRDA:192,20,0,13
BRDA:198,21,0,1
BRDA:212,22,0,1
BRDA:212,22,1,1
BRDA:238,23,0,0
BRDA:238,23,1,0
BRDA:239,24,0,15
BRDA:239,24,1,2
BRDA:244,25,0,15
BRDA:244,25,1,2
BRDA:244,25,2,2
BRDA:246,26,0,0
BRDA:246,26,1,15
BRDA:250,27,0,15
BRDA:250,27,1,0
BRDA:273,28,0,0
BRDA:273,28,1,14
BRDA:307,29,0,14
BRDA:330,30,0,0
BRDA:330,30,1,7
BRDA:330,31,0,7
BRDA:330,31,1,0
BRDA:332,32,0,0
BRDA:332,32,1,0
BRDA:338,33,0,4
BRDA:338,33,1,1
BRDA:346,34,0,1
BRDA:346,34,1,13
BRDA:361,35,0,0
BRDA:361,35,1,0
BRDA:361,36,0,0
BRDA:361,36,1,0
BRDA:366,37,0,0
BRDA:366,37,1,0
BRDA:370,38,0,14
BRDA:376,39,0,14
BRDA:406,40,0,4
BRDA:406,40,1,5
BRDA:406,41,0,9
BRDA:406,41,1,4
BRDA:406,41,2,4
BRDA:417,42,0,2
BRDA:417,42,1,3
BRDA:417,43,0,5
BRDA:417,43,1,2
BRDA:449,44,0,0
BRDA:449,44,1,0
BRDA:453,45,0,0
BRDA:453,45,1,0
BRDA:455,46,0,0
BRDA:455,46,1,0
BRDA:457,47,0,0
BRDA:457,47,1,0
BRDA:462,48,0,0
BRDA:462,48,1,0
BRDA:470,49,0,0
BRDA:470,49,1,0
BRDA:472,50,0,0
BRDA:472,50,1,0
BRDA:477,51,0,0
BRDA:477,51,1,0
BRDA:486,52,0,0
BRDA:486,52,1,0
BRDA:487,53,0,0
BRDA:487,53,1,0
BRDA:501,54,0,0
BRDA:501,54,1,0
BRDA:503,55,0,0
BRDA:503,55,1,0
BRDA:505,56,0,0
BRDA:505,56,1,0
BRDA:519,57,0,0
BRDA:519,57,1,0
BRDA:521,58,0,0
BRDA:521,58,1,0
BRDA:521,59,0,0
BRDA:521,59,1,0
BRDA:521,59,2,0
BRDA:524,60,0,0
BRDA:524,60,1,0
BRDA:524,61,0,0
BRDA:524,61,1,0
BRDA:524,61,2,0
BRDA:536,62,0,0
BRDA:536,62,1,0
BRDA:581,63,0,14
BRDA:581,63,1,0
BRDA:588,64,0,14
BRDA:588,64,1,0
BRDA:589,65,0,0
BRDA:589,65,1,14
BRDA:589,66,0,14
BRDA:589,66,1,0
BRDA:598,67,0,14
BRDA:606,68,0,1
BRDA:606,68,1,13
BRDA:611,69,0,1
BRDA:611,69,1,13
BRDA:614,70,0,0
BRDA:614,70,1,14
BRDA:615,71,0,0
BRDA:615,71,1,14
BRDA:619,72,0,0
BRDA:619,72,1,14
BRDA:625,73,0,14
BRDA:625,73,1,14
BRDA:625,73,2,13
BRDA:644,74,0,12
BRDA:644,74,1,2
BRDA:645,75,0,14
BRDA:645,75,1,13
BRDA:657,76,0,12
BRDA:657,76,1,2
BRDA:702,77,0,14
BRF:153
BRH:66
end_of_record
TN:
SF:app/api/comfyui/status/route.js
FN:4,GET
FNF:1
FNH:0
FNDA:0,GET
DA:1,0
DA:4,0
DA:5,0
DA:7,0
DA:9,0
DA:14,0
DA:15,0
DA:18,0
DA:19,0
DA:21,0
LF:10
LH:0
BRDA:5,0,0,0
BRDA:5,0,1,0
BRDA:14,1,0,0
BRDA:14,1,1,0
BRF:4
BRH:0
end_of_record
TN:
SF:app/api/engine/gpu/route.js
FN:6,dockerApi
FN:7,(anonymous_5)
FN:17,(anonymous_6)
FN:19,(anonymous_7)
FN:20,(anonymous_8)
FN:34,(anonymous_9)
FN:43,parseDockerStream
FN:63,GET
FN:70,(anonymous_12)
FN:71,(anonymous_13)
FN:102,(anonymous_14)
FNF:11
FNH:0
FNDA:0,dockerApi
FNDA:0,(anonymous_5)
FNDA:0,(anonymous_6)
FNDA:0,(anonymous_7)
FNDA:0,(anonymous_8)
FNDA:0,(anonymous_9)
FNDA:0,parseDockerStream
FNDA:0,GET
FNDA:0,(anonymous_12)
FNDA:0,(anonymous_13)
FNDA:0,(anonymous_14)
DA:1,0
DA:3,0
DA:7,0
DA:8,0
DA:17,0
DA:18,0
DA:19,0
DA:20,0
DA:21,0
DA:22,0
DA:23,0
DA:24,0
DA:26,0
DA:29,0
DA:34,0
DA:35,0
DA:36,0
DA:38,0
DA:44,0
DA:45,0
DA:46,0
DA:47,0
DA:48,0
DA:49,0
DA:50,0
DA:52,0
DA:53,0
DA:54,0
DA:56,0
DA:57,0
DA:60,0
DA:63,0
DA:64,0
DA:66,0
DA:69,0
DA:70,0
DA:71,0
DA:74,0
DA:75,0
DA:78,0
DA:81,0
DA:93,0
DA:98,0
DA:102,0
DA:103,0
DA:104,0
DA:107,0
DA:117,0
LF:48
LH:0
BRDA:6,0,0,0
BRDA:6,1,0,0
BRDA:22,2,0,0
BRDA:22,2,1,0
BRDA:22,3,0,0
BRDA:22,3,1,0
BRDA:35,4,0,0
BRDA:35,4,1,0
BRDA:47,5,0,0
BRDA:47,5,1,0
BRDA:52,6,0,0
BRDA:52,6,1,0
BRDA:56,7,0,0
BRDA:56,7,1,0
BRDA:71,8,0,0
BRDA:71,8,1,0
BRDA:74,9,0,0
BRDA:74,9,1,0
BRDA:103,10,0,0
BRDA:103,10,1,0
BRF:20
BRH:0
end_of_record
TN:
SF:app/api/engine/toggle/route.js
FN:6,dockerApi
FN:7,(anonymous_6)
FN:17,(anonymous_7)
FN:19,(anonymous_8)
FN:20,(anonymous_9)
FN:33,(anonymous_10)
FN:39,GET
FN:42,(anonymous_12)
FN:43,(anonymous_13)
FN:44,(anonymous_14)
FN:58,POST
FN:91,(anonymous_16)
FN:92,(anonymous_17)
FNF:13
FNH:0
FNDA:0,dockerApi
FNDA:0,(anonymous_6)
FNDA:0,(anonymous_7)
FNDA:0,(anonymous_8)
FNDA:0,(anonymous_9)
FNDA:0,(anonymous_10)
FNDA:0,GET
FNDA:0,(anonymous_12)
FNDA:0,(anonymous_13)
FNDA:0,(anonymous_14)
FNDA:0,POST
FNDA:0,(anonymous_16)
FNDA:0,(anonymous_17)
DA:1,0
DA:3,0
DA:7,0
DA:8,0
DA:17,0
DA:18,0
DA:19,0
DA:20,0
DA:21,0
DA:22,0
DA:23,0
DA:25,0
DA:28,0
DA:33,0
DA:34,0
DA:39,0
DA:40,0
DA:41,0
DA:42,0
DA:43,0
DA:44,0
DA:47,0
DA:53,0
DA:58,0
DA:59,0
DA:60,0
DA:62,0
DA:63,0
DA:65,0
DA:66,0
DA:68,0
DA:72,0
DA:73,0
DA:75,0
DA:76,0
DA:78,0
DA:79,0
DA:81,0
DA:85,0
DA:86,0
DA:88,0
DA:89,0
DA:90,0
DA:91,0
DA:92,0
DA:94,0
DA:97,0
DA:99,0
LF:48
LH:0
BRDA:6,0,0,0
BRDA:21,1,0,0
BRDA:21,1,1,0
BRDA:21,2,0,0
BRDA:21,2,1,0
BRDA:21,2,2,0
BRDA:23,3,0,0
BRDA:23,3,1,0
BRDA:48,4,0,0
BRDA:48,4,1,0
BRDA:49,5,0,0
BRDA:49,5,1,0
BRDA:50,6,0,0
BRDA:50,6,1,0
BRDA:62,7,0,0
BRDA:62,7,1,0
BRDA:75,8,0,0
BRDA:75,8,1,0
BRDA:88,9,0,0
BRDA:88,9,1,0
BRF:20
BRH:0
end_of_record
TN:
SF:app/api/ollama/delete/route.js
FN:2,DELETE
FNF:1
FNH:0
FNDA:0,DELETE
DA:2,0
DA:3,0
DA:5,0
DA:6,0
DA:8,0
DA:14,0
DA:15,0
DA:18,0
DA:20,0
LF:9
LH:0
BRDA:3,0,0,0
BRDA:3,0,1,0
BRDA:14,1,0,0
BRDA:14,1,1,0
BRF:4
BRH:0
end_of_record
TN:
SF:app/api/ollama/pull/route.js
FN:2,POST
FNF:1
FNH:0
FNDA:0,POST
DA:2,0
DA:3,0
DA:5,0
DA:6,0
DA:8,0
DA:14,0
DA:15,0
DA:19,0
DA:26,0
LF:9
LH:0
BRDA:3,0,0,0
BRDA:3,0,1,0
BRDA:14,1,0,0
BRDA:14,1,1,0
BRF:4
BRH:0
end_of_record
TN:
SF:app/api/ollama/tags/route.js
FN:4,GET
FNF:1
FNH:0
FNDA:0,GET
DA:1,0
DA:4,0
DA:5,0
DA:7,0
DA:8,0
DA:13,0
DA:14,0
DA:17,0
DA:18,0
DA:20,0
LF:10
LH:0
BRDA:5,0,0,0
BRDA:5,0,1,0
BRDA:13,1,0,0
BRDA:13,1,1,0
BRF:4
BRH:0
end_of_record
TN:
SF:app/api/system/boot-status/route.js
FN:4,getDockerLogs
FN:5,(anonymous_5)
FN:12,(anonymous_6)
FN:14,(anonymous_7)
FN:15,(anonymous_8)
FN:35,(anonymous_9)
FN:40,getContainerStatus
FN:41,(anonymous_11)
FN:47,(anonymous_12)
FN:49,(anonymous_13)
FN:50,(anonymous_14)
FN:63,(anonymous_15)
FN:68,GET
FN:73,(anonymous_17)
FN:82,(anonymous_18)
FNF:15
FNH:0
FNDA:0,getDockerLogs
FNDA:0,(anonymous_5)
FNDA:0,(anonymous_6)
FNDA:0,(anonymous_7)
FNDA:0,(anonymous_8)
FNDA:0,(anonymous_9)
FNDA:0,getContainerStatus
FNDA:0,(anonymous_11)
FNDA:0,(anonymous_12)
FNDA:0,(anonymous_13)
FNDA:0,(anonymous_14)
FNDA:0,(anonymous_15)
FNDA:0,GET
FNDA:0,(anonymous_17)
FNDA:0,(anonymous_18)
DA:1,0
DA:2,0
DA:5,0
DA:6,0
DA:12,0
DA:13,0
DA:14,0
DA:15,0
DA:16,0
DA:18,0
DA:19,0
DA:20,0
DA:21,0
DA:22,0
DA:23,0
DA:24,0
DA:25,0
DA:26,0
DA:28,0
DA:30,0
DA:35,0
DA:36,0
DA:41,0
DA:42,0
DA:47,0
DA:48,0
DA:49,0
DA:50,0
DA:51,0
DA:52,0
DA:53,0
DA:54,0
DA:56,0
DA:59,0
DA:63,0
DA:64,0
DA:68,0
DA:69,0
DA:70,0
DA:72,0
DA:74,0
DA:75,0
DA:76,0
DA:77,0
DA:81,0
DA:82,0
DA:84,0
DA:85,0
DA:87,0
DA:90,0
DA:91,0
DA:92,0
DA:93,0
DA:96,0
DA:100,0
DA:102,0
LF:56
LH:0
BRDA:4,0,0,0
BRDA:16,1,0,0
BRDA:16,1,1,0
BRDA:16,2,0,0
BRDA:16,2,1,0
BRDA:21,3,0,0
BRDA:21,3,1,0
BRDA:24,4,0,0
BRDA:24,4,1,0
BRDA:52,5,0,0
BRDA:52,5,1,0
BRDA:52,6,0,0
BRDA:52,6,1,0
BRDA:54,7,0,0
BRDA:54,7,1,0
BRDA:76,8,0,0
BRDA:76,8,1,0
BRDA:76,9,0,0
BRDA:76,9,1,0
BRDA:84,10,0,0
BRDA:84,10,1,0
BRDA:90,11,0,0
BRDA:90,11,1,0
BRDA:90,12,0,0
BRDA:90,12,1,0
BRDA:92,13,0,0
BRDA:92,13,1,0
BRDA:92,14,0,0
BRDA:92,14,1,0
BRF:29
BRH:0
end_of_record
TN:
SF:app/api/vllm/models/route.js
FN:4,GET
FNF:1
FNH:0
FNDA:0,GET
DA:1,0
DA:4,0
DA:5,0
DA:7,0
DA:8,0
DA:13,0
DA:14,0
DA:17,0
DA:18,0
DA:20,0
LF:10
LH:0
BRDA:5,0,0,0
BRDA:5,0,1,0
BRDA:13,1,0,0
BRDA:13,1,1,0
BRF:4
BRH:0
end_of_record
